000 (3834891.002.000) 2025-01-30 15:51:16 Job submitted from host: <128.105.68.113:9618?addrs=128.105.68.113-9618+[2607-f388-2200-100-eaeb-d3ff-fea7-d05e]-9618&alias=ap2002.chtc.wisc.edu&noUDP&sock=schedd_3800031_c57e>
...
040 (3834891.002.000) 2025-01-30 16:06:30 Started transferring input files
	Transferring to host: <128.105.69.105:9618?addrs=128.105.69.105-9618+[2607-f388-2200-100-1270-fdff-fe56-460c]-9618&alias=e4054.chtc.wisc.edu&noUDP&sock=slot1_7_2736286_c5df_42125>
...
001 (3834891.002.000) 2025-01-30 16:06:30 Job executing on host: <128.105.69.105:9618?addrs=128.105.69.105-9618+[2607-f388-2200-100-1270-fdff-fe56-460c]-9618&alias=e4054.chtc.wisc.edu&noUDP&sock=startd_22335_87dd>
	SlotName: slot1_7@e4054.chtc.wisc.edu
	CondorScratchDir = "/var/lib/condor/execute/slot1/dir_1379280"
	Cpus = 8
	Disk = 12584065
	GPUs = 0
	IoHeavy = 0
	Memory = 24576
...
040 (3834891.002.000) 2025-01-30 16:06:30 Finished transferring input files
...
006 (3834891.002.000) 2025-01-30 16:06:43 Image size of job updated: 496
	1  -  MemoryUsage of job (MB)
	496  -  ResidentSetSize of job (KB)
...
006 (3834891.002.000) 2025-01-30 16:11:43 Image size of job updated: 5161752
	5041  -  MemoryUsage of job (MB)
	5161752  -  ResidentSetSize of job (KB)
...
006 (3834891.002.000) 2025-01-30 16:16:44 Image size of job updated: 6279800
	6133  -  MemoryUsage of job (MB)
	6279800  -  ResidentSetSize of job (KB)
...
006 (3834891.002.000) 2025-01-30 16:21:44 Image size of job updated: 6290596
	6133  -  MemoryUsage of job (MB)
	6279800  -  ResidentSetSize of job (KB)
...
040 (3834891.002.000) 2025-01-30 16:38:13 Started transferring output files
...
040 (3834891.002.000) 2025-01-30 16:38:13 Finished transferring output files
...
005 (3834891.002.000) 2025-01-30 16:38:13 Job terminated.
	(1) Normal termination (return value 0)
		Usr 0 00:25:13, Sys 0 00:00:54  -  Run Remote Usage
		Usr 0 00:00:00, Sys 0 00:00:00  -  Run Local Usage
		Usr 0 00:25:13, Sys 0 00:00:54  -  Total Remote Usage
		Usr 0 00:00:00, Sys 0 00:00:00  -  Total Local Usage
	38564  -  Run Bytes Sent By Job
	3672  -  Run Bytes Received By Job
	38564  -  Total Bytes Sent By Job
	3672  -  Total Bytes Received By Job
	Partitionable Resources :     Usage  Request Allocated 
	   Cpus                 :      0.98        8         8 
	   Disk (KB)            : 419930    12582912  12584065 
	   GPUs                 :                            0 
	   IoHeavy              :                            0 
	   Memory (MB)          :   6133       24576     24576 
	   TimeExecute (s)      :   1902                       
	   TimeSlotBusy (s)     :   1903                       

	Job terminated of its own accord at 2025-01-30T22:38:12Z with exit-code 0.
...
