Looking to launch executable "/var/lib/condor/execute/slot1/dir_1295771/shortReadMapping/bin/bwa-mem2.avx2", simd = .avx2
Launching executable "/var/lib/condor/execute/slot1/dir_1295771/shortReadMapping/bin/bwa-mem2.avx2"
[bwa_index] Pack FASTA... 0.11 sec
* Entering FMI_search
init ticks = 2506373594
ref seq len = 58644694
binary seq ticks = 1190333480
build suffix-array ticks = 15760373034
pos: 7330587, ref_seq_len__: 7330586
build fm-index ticks = 4142882527
Total time taken: 10.1033
Looking to launch executable "/var/lib/condor/execute/slot1/dir_1295771/shortReadMapping/bin/bwa-mem2.avx2", simd = .avx2
Launching executable "/var/lib/condor/execute/slot1/dir_1295771/shortReadMapping/bin/bwa-mem2.avx2"
-----------------------------
Executing in AVX2 mode!!
-----------------------------
* SA compression enabled with xfactor: 8
* Ref file: /staging/gluckthaler/analysis/aspfum521/ref/data/CEA10.fna
* Entering FMI_search
* Index file found. Loading index from /staging/gluckthaler/analysis/aspfum521/ref/data/CEA10.fna.bwt.2bit.64
* Reference seq len for bi-index = 58644695
* sentinel-index: 4936675
* Count:
0,	1
1,	14824656
2,	29322348
3,	43820040
4,	58644695

* Reading other elements of the index from files /staging/gluckthaler/analysis/aspfum521/ref/data/CEA10.fna
* Index prefix: /staging/gluckthaler/analysis/aspfum521/ref/data/CEA10.fna
* Read 0 ALT contigs
* Done reading Index!!
* Reading reference genome..
* Binary seq file = /staging/gluckthaler/analysis/aspfum521/ref/data/CEA10.fna.0123
* Reference genome size: 58644694 bp
* Done reading reference genome !!

------------------------------------------
1. Memory pre-allocation for Chaining: 1114.7223 MB
2. Memory pre-allocation for BSW: 1916.9362 MB
3. Memory pre-allocation for BWT: 618.5134 MB
------------------------------------------
* Threads used (compute): 8
* No. of pipeline threads: 2

[0000] read_chunk: 80000000, work_chunk_size: 80000264, nseq: 544646
	[0000][ M::kt_pipeline] read 544646 sequences (80000264 bp)...
[0000] Reallocating initial memory allocations!!
[0000] Calling mem_process_seqs.., task: 0
[0000] 1. Calling kt_for - worker_bwt
[0000] read_chunk: 80000000, work_chunk_size: 80000094, nseq: 544042
	[0000][ M::kt_pipeline] read 544042 sequences (80000094 bp)...
[0000] 2. Calling kt_for - worker_aln
[0000] Inferring insert size distribution of PE reads from data, l_pac: 29322347, n: 544646
[0000][PE] # candidate unique pairs for (FF, FR, RF, RR): (13, 262152, 7, 6)
[0000][PE] analyzing insert size distribution for orientation FF...
[0000][PE] (25, 50, 75) percentile: (145, 283, 626)
[0000][PE] low and high boundaries for computing mean and std.dev: (1, 1588)
[0000][PE] mean and std.dev: (346.17, 259.79)
[0000][PE] low and high boundaries for proper pairs: (1, 2069)
[0000][PE] analyzing insert size distribution for orientation FR...
[0000][PE] (25, 50, 75) percentile: (288, 377, 478)
[0000][PE] low and high boundaries for computing mean and std.dev: (1, 858)
[0000][PE] mean and std.dev: (383.41, 154.08)
[0000][PE] low and high boundaries for proper pairs: (1, 1048)
[0000][PE] skip orientation RF as there are not enough pairs
[0000][PE] skip orientation RR as there are not enough pairs
[0000][PE] skip orientation FF
[0000] 3. Calling kt_for - worker_sam
	[0000][ M::mem_process_seqs] Processed 544646 reads in 29.999 CPU sec, 3.705 real sec
[0000] Calling mem_process_seqs.., task: 1
[0000] 1. Calling kt_for - worker_bwt
[0000] 2. Calling kt_for - worker_aln
[0000] Inferring insert size distribution of PE reads from data, l_pac: 29322347, n: 544042
[0000][PE] # candidate unique pairs for (FF, FR, RF, RR): (0, 261907, 6, 12)
[0000][PE] skip orientation FF as there are not enough pairs
[0000][PE] analyzing insert size distribution for orientation FR...
[0000][PE] (25, 50, 75) percentile: (291, 380, 482)
[0000][PE] low and high boundaries for computing mean and std.dev: (1, 864)
[0000][PE] mean and std.dev: (387.48, 155.19)
[0000][PE] low and high boundaries for proper pairs: (1, 1055)
[0000][PE] skip orientation RF as there are not enough pairs
[0000][PE] analyzing insert size distribution for orientation RR...
[0000][PE] (25, 50, 75) percentile: (170, 593, 924)
[0000][PE] low and high boundaries for computing mean and std.dev: (1, 2432)
[0000][PE] mean and std.dev: (445.18, 306.28)
[0000][PE] low and high boundaries for proper pairs: (1, 3186)
[0000][PE] skip orientation RR
[0000] 3. Calling kt_for - worker_sam
	[0000][ M::mem_process_seqs] Processed 544042 reads in 29.202 CPU sec, 3.730 real sec
[0000] read_chunk: 80000000, work_chunk_size: 80000262, nseq: 544034
	[0000][ M::kt_pipeline] read 544034 sequences (80000262 bp)...
[0000] Calling mem_process_seqs.., task: 2
[0000] 1. Calling kt_for - worker_bwt
[0000] read_chunk: 80000000, work_chunk_size: 80000219, nseq: 544498
	[0000][ M::kt_pipeline] read 544498 sequences (80000219 bp)...
[0000] 2. Calling kt_for - worker_aln
[0000] Inferring insert size distribution of PE reads from data, l_pac: 29322347, n: 544034
[0000][PE] # candidate unique pairs for (FF, FR, RF, RR): (6, 261955, 5, 9)
[0000][PE] skip orientation FF as there are not enough pairs
[0000][PE] analyzing insert size distribution for orientation FR...
[0000][PE] (25, 50, 75) percentile: (291, 381, 483)
[0000][PE] low and high boundaries for computing mean and std.dev: (1, 867)
[0000][PE] mean and std.dev: (387.97, 155.81)
[0000][PE] low and high boundaries for proper pairs: (1, 1059)
[0000][PE] skip orientation RF as there are not enough pairs
[0000][PE] skip orientation RR as there are not enough pairs
[0000] 3. Calling kt_for - worker_sam
	[0000][ M::mem_process_seqs] Processed 544034 reads in 29.763 CPU sec, 3.687 real sec
[0000] Calling mem_process_seqs.., task: 3
[0000] 1. Calling kt_for - worker_bwt
[0000] read_chunk: 80000000, work_chunk_size: 80000128, nseq: 544572
	[0000][ M::kt_pipeline] read 544572 sequences (80000128 bp)...
[0000] 2. Calling kt_for - worker_aln
[0000] Inferring insert size distribution of PE reads from data, l_pac: 29322347, n: 544498
[0000][PE] # candidate unique pairs for (FF, FR, RF, RR): (9, 261502, 5, 10)
[0000][PE] skip orientation FF as there are not enough pairs
[0000][PE] analyzing insert size distribution for orientation FR...
[0000][PE] (25, 50, 75) percentile: (287, 376, 476)
[0000][PE] low and high boundaries for computing mean and std.dev: (1, 854)
[0000][PE] mean and std.dev: (382.63, 153.68)
[0000][PE] low and high boundaries for proper pairs: (1, 1043)
[0000][PE] skip orientation RF as there are not enough pairs
[0000][PE] analyzing insert size distribution for orientation RR...
[0000][PE] (25, 50, 75) percentile: (163, 281, 324)
[0000][PE] low and high boundaries for computing mean and std.dev: (1, 646)
[0000][PE] mean and std.dev: (227.89, 97.62)
[0000][PE] low and high boundaries for proper pairs: (1, 807)
[0000][PE] skip orientation RR
[0000] 3. Calling kt_for - worker_sam
	[0000][ M::mem_process_seqs] Processed 544498 reads in 32.439 CPU sec, 3.988 real sec
[0000] Calling mem_process_seqs.., task: 4
[0000] 1. Calling kt_for - worker_bwt
[0000] read_chunk: 80000000, work_chunk_size: 80000222, nseq: 543868
	[0000][ M::kt_pipeline] read 543868 sequences (80000222 bp)...
[0000] 2. Calling kt_for - worker_aln
[0000] Inferring insert size distribution of PE reads from data, l_pac: 29322347, n: 544572
[0000][PE] # candidate unique pairs for (FF, FR, RF, RR): (9, 262313, 2, 4)
[0000][PE] skip orientation FF as there are not enough pairs
[0000][PE] analyzing insert size distribution for orientation FR...
[0000][PE] (25, 50, 75) percentile: (284, 373, 473)
[0000][PE] low and high boundaries for computing mean and std.dev: (1, 851)
[0000][PE] mean and std.dev: (379.33, 152.46)
[0000][PE] low and high boundaries for proper pairs: (1, 1040)
[0000][PE] skip orientation RF as there are not enough pairs
[0000][PE] skip orientation RR as there are not enough pairs
[0000] 3. Calling kt_for - worker_sam
	[0000][ M::mem_process_seqs] Processed 544572 reads in 30.524 CPU sec, 3.755 real sec
[0000] Calling mem_process_seqs.., task: 5
[0000] 1. Calling kt_for - worker_bwt
[0000] 2. Calling kt_for - worker_aln
[0000] Inferring insert size distribution of PE reads from data, l_pac: 29322347, n: 543868
[0000][PE] # candidate unique pairs for (FF, FR, RF, RR): (9, 262013, 8, 12)
[0000][PE] skip orientation FF as there are not enough pairs
[0000][PE] analyzing insert size distribution for orientation FR...
[0000][PE] (25, 50, 75) percentile: (290, 378, 479)
[0000][PE] low and high boundaries for computing mean and std.dev: (1, 857)
[0000][PE] mean and std.dev: (385.51, 153.84)
[0000][PE] low and high boundaries for proper pairs: (1, 1046)
[0000][PE] skip orientation RF as there are not enough pairs
[0000][PE] analyzing insert size distribution for orientation RR...
[0000][PE] (25, 50, 75) percentile: (279, 755, 7324)
[0000][PE] low and high boundaries for computing mean and std.dev: (1, 21414)
[0000][PE] mean and std.dev: (2767.08, 3186.29)
[0000][PE] low and high boundaries for proper pairs: (1, 28459)
[0000][PE] skip orientation RR
[0000] 3. Calling kt_for - worker_sam
	[0000][ M::mem_process_seqs] Processed 543868 reads in 28.210 CPU sec, 3.599 real sec
[0000] read_chunk: 80000000, work_chunk_size: 80000290, nseq: 543502
	[0000][ M::kt_pipeline] read 543502 sequences (80000290 bp)...
[0000] Calling mem_process_seqs.., task: 6
[0000] 1. Calling kt_for - worker_bwt
[0000] read_chunk: 80000000, work_chunk_size: 80000182, nseq: 544488
	[0000][ M::kt_pipeline] read 544488 sequences (80000182 bp)...
[0000] 2. Calling kt_for - worker_aln
[0000] Inferring insert size distribution of PE reads from data, l_pac: 29322347, n: 543502
[0000][PE] # candidate unique pairs for (FF, FR, RF, RR): (6, 261805, 7, 12)
[0000][PE] skip orientation FF as there are not enough pairs
[0000][PE] analyzing insert size distribution for orientation FR...
[0000][PE] (25, 50, 75) percentile: (291, 380, 482)
[0000][PE] low and high boundaries for computing mean and std.dev: (1, 864)
[0000][PE] mean and std.dev: (387.84, 154.67)
[0000][PE] low and high boundaries for proper pairs: (1, 1055)
[0000][PE] skip orientation RF as there are not enough pairs
[0000][PE] analyzing insert size distribution for orientation RR...
[0000][PE] (25, 50, 75) percentile: (386, 595, 1868)
[0000][PE] low and high boundaries for computing mean and std.dev: (1, 4832)
[0000][PE] mean and std.dev: (772.18, 642.59)
[0000][PE] low and high boundaries for proper pairs: (1, 6314)
[0000][PE] skip orientation RR
[0000] 3. Calling kt_for - worker_sam
	[0000][ M::mem_process_seqs] Processed 543502 reads in 28.581 CPU sec, 3.530 real sec
[0000] Calling mem_process_seqs.., task: 7
[0000] 1. Calling kt_for - worker_bwt
[0000] read_chunk: 80000000, work_chunk_size: 80000293, nseq: 544042
	[0000][ M::kt_pipeline] read 544042 sequences (80000293 bp)...
[0000] 2. Calling kt_for - worker_aln
[0000] Inferring insert size distribution of PE reads from data, l_pac: 29322347, n: 544488
[0000][PE] # candidate unique pairs for (FF, FR, RF, RR): (7, 261670, 4, 12)
[0000][PE] skip orientation FF as there are not enough pairs
[0000][PE] analyzing insert size distribution for orientation FR...
[0000][PE] (25, 50, 75) percentile: (283, 373, 471)
[0000][PE] low and high boundaries for computing mean and std.dev: (1, 847)
[0000][PE] mean and std.dev: (378.65, 151.95)
[0000][PE] low and high boundaries for proper pairs: (1, 1035)
[0000][PE] skip orientation RF as there are not enough pairs
[0000][PE] analyzing insert size distribution for orientation RR...
[0000][PE] (25, 50, 75) percentile: (175, 293, 1529)
[0000][PE] low and high boundaries for computing mean and std.dev: (1, 4237)
[0000][PE] mean and std.dev: (558.33, 593.49)
[0000][PE] low and high boundaries for proper pairs: (1, 5591)
[0000][PE] skip orientation RR
[0000] 3. Calling kt_for - worker_sam
	[0000][ M::mem_process_seqs] Processed 544488 reads in 31.357 CPU sec, 3.851 real sec
[0000] Calling mem_process_seqs.., task: 8
[0000] 1. Calling kt_for - worker_bwt
[0000] read_chunk: 80000000, work_chunk_size: 80000004, nseq: 543614
	[0000][ M::kt_pipeline] read 543614 sequences (80000004 bp)...
[0000] 2. Calling kt_for - worker_aln
[0000] Inferring insert size distribution of PE reads from data, l_pac: 29322347, n: 544042
[0000][PE] # candidate unique pairs for (FF, FR, RF, RR): (8, 262154, 8, 12)
[0000][PE] skip orientation FF as there are not enough pairs
[0000][PE] analyzing insert size distribution for orientation FR...
[0000][PE] (25, 50, 75) percentile: (286, 375, 474)
[0000][PE] low and high boundaries for computing mean and std.dev: (1, 850)
[0000][PE] mean and std.dev: (381.00, 152.00)
[0000][PE] low and high boundaries for proper pairs: (1, 1038)
[0000][PE] skip orientation RF as there are not enough pairs
[0000][PE] analyzing insert size distribution for orientation RR...
[0000][PE] (25, 50, 75) percentile: (312, 525, 3057)
[0000][PE] low and high boundaries for computing mean and std.dev: (1, 8547)
[0000][PE] mean and std.dev: (1385.67, 1412.01)
[0000][PE] low and high boundaries for proper pairs: (1, 11292)
[0000][PE] skip orientation RR
[0000] 3. Calling kt_for - worker_sam
	[0000][ M::mem_process_seqs] Processed 544042 reads in 32.163 CPU sec, 3.959 real sec
[0000] Calling mem_process_seqs.., task: 9
[0000] 1. Calling kt_for - worker_bwt
[0000] read_chunk: 80000000, work_chunk_size: 80000111, nseq: 543362
	[0000][ M::kt_pipeline] read 543362 sequences (80000111 bp)...
[0000] 2. Calling kt_for - worker_aln
[0000] Inferring insert size distribution of PE reads from data, l_pac: 29322347, n: 543614
[0000][PE] # candidate unique pairs for (FF, FR, RF, RR): (8, 261990, 5, 5)
[0000][PE] skip orientation FF as there are not enough pairs
[0000][PE] analyzing insert size distribution for orientation FR...
[0000][PE] (25, 50, 75) percentile: (290, 378, 479)
[0000][PE] low and high boundaries for computing mean and std.dev: (1, 857)
[0000][PE] mean and std.dev: (385.40, 153.31)
[0000][PE] low and high boundaries for proper pairs: (1, 1046)
[0000][PE] skip orientation RF as there are not enough pairs
[0000][PE] skip orientation RR as there are not enough pairs
[0000] 3. Calling kt_for - worker_sam
	[0000][ M::mem_process_seqs] Processed 543614 reads in 29.544 CPU sec, 3.631 real sec
[0000] Calling mem_process_seqs.., task: 10
[0000] 1. Calling kt_for - worker_bwt
[0000] read_chunk: 80000000, work_chunk_size: 80000192, nseq: 544616
	[0000][ M::kt_pipeline] read 544616 sequences (80000192 bp)...
[0000] 2. Calling kt_for - worker_aln
[0000] Inferring insert size distribution of PE reads from data, l_pac: 29322347, n: 543362
[0000][PE] # candidate unique pairs for (FF, FR, RF, RR): (12, 261220, 4, 6)
[0000][PE] analyzing insert size distribution for orientation FF...
[0000][PE] (25, 50, 75) percentile: (173, 203, 317)
[0000][PE] low and high boundaries for computing mean and std.dev: (1, 605)
[0000][PE] mean and std.dev: (225.75, 105.63)
[0000][PE] low and high boundaries for proper pairs: (1, 749)
[0000][PE] analyzing insert size distribution for orientation FR...
[0000][PE] (25, 50, 75) percentile: (290, 379, 480)
[0000][PE] low and high boundaries for computing mean and std.dev: (1, 860)
[0000][PE] mean and std.dev: (386.29, 153.43)
[0000][PE] low and high boundaries for proper pairs: (1, 1050)
[0000][PE] skip orientation RF as there are not enough pairs
[0000][PE] skip orientation RR as there are not enough pairs
[0000][PE] skip orientation FF
[0000] 3. Calling kt_for - worker_sam
	[0000][ M::mem_process_seqs] Processed 543362 reads in 31.740 CPU sec, 3.912 real sec
[0000] Calling mem_process_seqs.., task: 11
[0000] 1. Calling kt_for - worker_bwt
[0000] 2. Calling kt_for - worker_aln
[0000] Inferring insert size distribution of PE reads from data, l_pac: 29322347, n: 544616
[0000][PE] # candidate unique pairs for (FF, FR, RF, RR): (12, 261757, 5, 10)
[0000][PE] analyzing insert size distribution for orientation FF...
[0000][PE] (25, 50, 75) percentile: (321, 578, 4196)
[0000][PE] low and high boundaries for computing mean and std.dev: (1, 11946)
[0000][PE] mean and std.dev: (1988.42, 2765.78)
[0000][PE] low and high boundaries for proper pairs: (1, 15821)
[0000][PE] analyzing insert size distribution for orientation FR...
[0000][PE] (25, 50, 75) percentile: (282, 370, 467)
[0000][PE] low and high boundaries for computing mean and std.dev: (1, 837)
[0000][PE] mean and std.dev: (375.37, 149.81)
[0000][PE] low and high boundaries for proper pairs: (1, 1022)
[0000][PE] skip orientation RF as there are not enough pairs
[0000][PE] analyzing insert size distribution for orientation RR...
[0000][PE] (25, 50, 75) percentile: (140, 1986, 7960)
[0000][PE] low and high boundaries for computing mean and std.dev: (1, 23600)
[0000][PE] mean and std.dev: (2998.20, 3438.34)
[0000][PE] low and high boundaries for proper pairs: (1, 31420)
[0000][PE] skip orientation FF
[0000][PE] skip orientation RR
[0000] 3. Calling kt_for - worker_sam
	[0000][ M::mem_process_seqs] Processed 544616 reads in 30.202 CPU sec, 3.836 real sec
[0000] read_chunk: 80000000, work_chunk_size: 80000071, nseq: 544074
	[0000][ M::kt_pipeline] read 544074 sequences (80000071 bp)...
[0000] Calling mem_process_seqs.., task: 12
[0000] 1. Calling kt_for - worker_bwt
[0000] read_chunk: 80000000, work_chunk_size: 80000200, nseq: 543456
	[0000][ M::kt_pipeline] read 543456 sequences (80000200 bp)...
[0000] 2. Calling kt_for - worker_aln
[0000] Inferring insert size distribution of PE reads from data, l_pac: 29322347, n: 544074
[0000][PE] # candidate unique pairs for (FF, FR, RF, RR): (6, 262050, 6, 2)
[0000][PE] skip orientation FF as there are not enough pairs
[0000][PE] analyzing insert size distribution for orientation FR...
[0000][PE] (25, 50, 75) percentile: (288, 376, 475)
[0000][PE] low and high boundaries for computing mean and std.dev: (1, 849)
[0000][PE] mean and std.dev: (382.25, 152.48)
[0000][PE] low and high boundaries for proper pairs: (1, 1036)
[0000][PE] skip orientation RF as there are not enough pairs
[0000][PE] skip orientation RR as there are not enough pairs
[0000] 3. Calling kt_for - worker_sam
	[0000][ M::mem_process_seqs] Processed 544074 reads in 28.638 CPU sec, 3.540 real sec
[0000] Calling mem_process_seqs.., task: 13
[0000] 1. Calling kt_for - worker_bwt
[0000] read_chunk: 80000000, work_chunk_size: 80000234, nseq: 543574
	[0000][ M::kt_pipeline] read 543574 sequences (80000234 bp)...
[0000] 2. Calling kt_for - worker_aln
[0000] Inferring insert size distribution of PE reads from data, l_pac: 29322347, n: 543456
[0000][PE] # candidate unique pairs for (FF, FR, RF, RR): (10, 261713, 2, 4)
[0000][PE] analyzing insert size distribution for orientation FF...
[0000][PE] (25, 50, 75) percentile: (254, 3121, 4508)
[0000][PE] low and high boundaries for computing mean and std.dev: (1, 13016)
[0000][PE] mean and std.dev: (2633.20, 2406.02)
[0000][PE] low and high boundaries for proper pairs: (1, 17270)
[0000][PE] analyzing insert size distribution for orientation FR...
[0000][PE] (25, 50, 75) percentile: (291, 380, 481)
[0000][PE] low and high boundaries for computing mean and std.dev: (1, 861)
[0000][PE] mean and std.dev: (387.47, 154.46)
[0000][PE] low and high boundaries for proper pairs: (1, 1051)
[0000][PE] skip orientation RF as there are not enough pairs
[0000][PE] skip orientation RR as there are not enough pairs
[0000][PE] skip orientation FF
[0000] 3. Calling kt_for - worker_sam
	[0000][ M::mem_process_seqs] Processed 543456 reads in 29.374 CPU sec, 3.612 real sec
[0000] Calling mem_process_seqs.., task: 14
[0000] 1. Calling kt_for - worker_bwt
[0000] read_chunk: 80000000, work_chunk_size: 80000247, nseq: 543676
	[0000][ M::kt_pipeline] read 543676 sequences (80000247 bp)...
[0000] 2. Calling kt_for - worker_aln
[0000] Inferring insert size distribution of PE reads from data, l_pac: 29322347, n: 543574
[0000][PE] # candidate unique pairs for (FF, FR, RF, RR): (11, 260981, 8, 7)
[0000][PE] analyzing insert size distribution for orientation FF...
[0000][PE] (25, 50, 75) percentile: (128, 202, 597)
[0000][PE] low and high boundaries for computing mean and std.dev: (1, 1535)
[0000][PE] mean and std.dev: (224.22, 156.19)
[0000][PE] low and high boundaries for proper pairs: (1, 2004)
[0000][PE] analyzing insert size distribution for orientation FR...
[0000][PE] (25, 50, 75) percentile: (291, 379, 481)
[0000][PE] low and high boundaries for computing mean and std.dev: (1, 861)
[0000][PE] mean and std.dev: (387.10, 153.89)
[0000][PE] low and high boundaries for proper pairs: (1, 1051)
[0000][PE] skip orientation RF as there are not enough pairs
[0000][PE] skip orientation RR as there are not enough pairs
[0000][PE] skip orientation FF
[0000] 3. Calling kt_for - worker_sam
	[0000][ M::mem_process_seqs] Processed 543574 reads in 30.435 CPU sec, 3.744 real sec
[0000] Calling mem_process_seqs.., task: 15
[0000] 1. Calling kt_for - worker_bwt
[0000] read_chunk: 80000000, work_chunk_size: 80000022, nseq: 543534
	[0000][ M::kt_pipeline] read 543534 sequences (80000022 bp)...
[0000] 2. Calling kt_for - worker_aln
[0000] Inferring insert size distribution of PE reads from data, l_pac: 29322347, n: 543676
[0000][PE] # candidate unique pairs for (FF, FR, RF, RR): (6, 261826, 6, 4)
[0000][PE] skip orientation FF as there are not enough pairs
[0000][PE] analyzing insert size distribution for orientation FR...
[0000][PE] (25, 50, 75) percentile: (293, 383, 486)
[0000][PE] low and high boundaries for computing mean and std.dev: (1, 872)
[0000][PE] mean and std.dev: (390.77, 156.42)
[0000][PE] low and high boundaries for proper pairs: (1, 1065)
[0000][PE] skip orientation RF as there are not enough pairs
[0000][PE] skip orientation RR as there are not enough pairs
[0000] 3. Calling kt_for - worker_sam
	[0000][ M::mem_process_seqs] Processed 543676 reads in 30.319 CPU sec, 3.738 real sec
[0000] Calling mem_process_seqs.., task: 16
[0000] 1. Calling kt_for - worker_bwt
[0000] read_chunk: 80000000, work_chunk_size: 80000262, nseq: 543278
	[0000][ M::kt_pipeline] read 543278 sequences (80000262 bp)...
[0000] 2. Calling kt_for - worker_aln
[0000] Inferring insert size distribution of PE reads from data, l_pac: 29322347, n: 543534
[0000][PE] # candidate unique pairs for (FF, FR, RF, RR): (5, 261721, 3, 15)
[0000][PE] skip orientation FF as there are not enough pairs
[0000][PE] analyzing insert size distribution for orientation FR...
[0000][PE] (25, 50, 75) percentile: (295, 385, 489)
[0000][PE] low and high boundaries for computing mean and std.dev: (1, 877)
[0000][PE] mean and std.dev: (393.68, 157.29)
[0000][PE] low and high boundaries for proper pairs: (1, 1071)
[0000][PE] skip orientation RF as there are not enough pairs
[0000][PE] analyzing insert size distribution for orientation RR...
[0000][PE] (25, 50, 75) percentile: (209, 296, 1516)
[0000][PE] low and high boundaries for computing mean and std.dev: (1, 4130)
[0000][PE] mean and std.dev: (797.00, 1037.46)
[0000][PE] low and high boundaries for proper pairs: (1, 5437)
[0000][PE] skip orientation RR
[0000] 3. Calling kt_for - worker_sam
	[0000][ M::mem_process_seqs] Processed 543534 reads in 30.286 CPU sec, 3.730 real sec
[0000] Calling mem_process_seqs.., task: 17
[0000] 1. Calling kt_for - worker_bwt
[0000] read_chunk: 80000000, work_chunk_size: 80000038, nseq: 543650
	[0000][ M::kt_pipeline] read 543650 sequences (80000038 bp)...
[0000] 2. Calling kt_for - worker_aln
[0000] Inferring insert size distribution of PE reads from data, l_pac: 29322347, n: 543278
[0000][PE] # candidate unique pairs for (FF, FR, RF, RR): (5, 261967, 5, 6)
[0000][PE] skip orientation FF as there are not enough pairs
[0000][PE] analyzing insert size distribution for orientation FR...
[0000][PE] (25, 50, 75) percentile: (296, 386, 492)
[0000][PE] low and high boundaries for computing mean and std.dev: (1, 884)
[0000][PE] mean and std.dev: (395.56, 158.76)
[0000][PE] low and high boundaries for proper pairs: (1, 1080)
[0000][PE] skip orientation RF as there are not enough pairs
[0000][PE] skip orientation RR as there are not enough pairs
[0000] 3. Calling kt_for - worker_sam
	[0000][ M::mem_process_seqs] Processed 543278 reads in 28.351 CPU sec, 3.480 real sec
[0000] Calling mem_process_seqs.., task: 18
[0000] 1. Calling kt_for - worker_bwt
[0000] read_chunk: 80000000, work_chunk_size: 80000300, nseq: 543866
	[0000][ M::kt_pipeline] read 543866 sequences (80000300 bp)...
[0000] 2. Calling kt_for - worker_aln
[0000] Inferring insert size distribution of PE reads from data, l_pac: 29322347, n: 543650
[0000][PE] # candidate unique pairs for (FF, FR, RF, RR): (10, 261695, 3, 11)
[0000][PE] analyzing insert size distribution for orientation FF...
[0000][PE] (25, 50, 75) percentile: (158, 418, 1120)
[0000][PE] low and high boundaries for computing mean and std.dev: (1, 3044)
[0000][PE] mean and std.dev: (476.22, 420.96)
[0000][PE] low and high boundaries for proper pairs: (1, 4006)
[0000][PE] analyzing insert size distribution for orientation FR...
[0000][PE] (25, 50, 75) percentile: (293, 383, 486)
[0000][PE] low and high boundaries for computing mean and std.dev: (1, 872)
[0000][PE] mean and std.dev: (391.09, 156.41)
[0000][PE] low and high boundaries for proper pairs: (1, 1065)
[0000][PE] skip orientation RF as there are not enough pairs
[0000][PE] analyzing insert size distribution for orientation RR...
[0000][PE] (25, 50, 75) percentile: (350, 461, 933)
[0000][PE] low and high boundaries for computing mean and std.dev: (1, 2099)
[0000][PE] mean and std.dev: (494.22, 230.02)
[0000][PE] low and high boundaries for proper pairs: (1, 2682)
[0000][PE] skip orientation FF
[0000][PE] skip orientation RR
[0000] 3. Calling kt_for - worker_sam
	[0000][ M::mem_process_seqs] Processed 543650 reads in 30.657 CPU sec, 3.770 real sec
[0000] Calling mem_process_seqs.., task: 19
[0000] 1. Calling kt_for - worker_bwt
[0000] read_chunk: 80000000, work_chunk_size: 80000212, nseq: 543306
	[0000][ M::kt_pipeline] read 543306 sequences (80000212 bp)...
[0000] 2. Calling kt_for - worker_aln
[0000] Inferring insert size distribution of PE reads from data, l_pac: 29322347, n: 543866
[0000][PE] # candidate unique pairs for (FF, FR, RF, RR): (11, 262101, 1, 5)
[0000][PE] analyzing insert size distribution for orientation FF...
[0000][PE] (25, 50, 75) percentile: (142, 333, 765)
[0000][PE] low and high boundaries for computing mean and std.dev: (1, 2011)
[0000][PE] mean and std.dev: (299.44, 214.84)
[0000][PE] low and high boundaries for proper pairs: (1, 2634)
[0000][PE] analyzing insert size distribution for orientation FR...
[0000][PE] (25, 50, 75) percentile: (290, 379, 480)
[0000][PE] low and high boundaries for computing mean and std.dev: (1, 860)
[0000][PE] mean and std.dev: (386.19, 154.39)
[0000][PE] low and high boundaries for proper pairs: (1, 1050)
[0000][PE] skip orientation RF as there are not enough pairs
[0000][PE] skip orientation RR as there are not enough pairs
[0000][PE] skip orientation FF
[0000] 3. Calling kt_for - worker_sam
	[0000][ M::mem_process_seqs] Processed 543866 reads in 29.277 CPU sec, 3.632 real sec
[0000] Calling mem_process_seqs.., task: 20
[0000] 1. Calling kt_for - worker_bwt
[0000] read_chunk: 80000000, work_chunk_size: 80000260, nseq: 543166
	[0000][ M::kt_pipeline] read 543166 sequences (80000260 bp)...
[0000] 2. Calling kt_for - worker_aln
[0000] Inferring insert size distribution of PE reads from data, l_pac: 29322347, n: 543306
[0000][PE] # candidate unique pairs for (FF, FR, RF, RR): (9, 262009, 6, 8)
[0000][PE] skip orientation FF as there are not enough pairs
[0000][PE] analyzing insert size distribution for orientation FR...
[0000][PE] (25, 50, 75) percentile: (294, 384, 488)
[0000][PE] low and high boundaries for computing mean and std.dev: (1, 876)
[0000][PE] mean and std.dev: (392.23, 156.98)
[0000][PE] low and high boundaries for proper pairs: (1, 1070)
[0000][PE] skip orientation RF as there are not enough pairs
[0000][PE] skip orientation RR as there are not enough pairs
[0000] 3. Calling kt_for - worker_sam
	[0000][ M::mem_process_seqs] Processed 543306 reads in 29.545 CPU sec, 3.643 real sec
[0000] Calling mem_process_seqs.., task: 21
[0000] 1. Calling kt_for - worker_bwt
[0000] 2. Calling kt_for - worker_aln
[0000] Inferring insert size distribution of PE reads from data, l_pac: 29322347, n: 543166
[0000][PE] # candidate unique pairs for (FF, FR, RF, RR): (11, 261790, 7, 6)
[0000][PE] analyzing insert size distribution for orientation FF...
[0000][PE] (25, 50, 75) percentile: (287, 371, 1732)
[0000][PE] low and high boundaries for computing mean and std.dev: (1, 4622)
[0000][PE] mean and std.dev: (738.10, 855.86)
[0000][PE] low and high boundaries for proper pairs: (1, 6067)
[0000][PE] analyzing insert size distribution for orientation FR...
[0000][PE] (25, 50, 75) percentile: (296, 385, 490)
[0000][PE] low and high boundaries for computing mean and std.dev: (1, 878)
[0000][PE] mean and std.dev: (394.14, 157.60)
[0000][PE] low and high boundaries for proper pairs: (1, 1072)
[0000][PE] skip orientation RF as there are not enough pairs
[0000][PE] skip orientation RR as there are not enough pairs
[0000][PE] skip orientation FF
[0000] 3. Calling kt_for - worker_sam
	[0000][ M::mem_process_seqs] Processed 543166 reads in 28.646 CPU sec, 3.640 real sec
[0000] read_chunk: 80000000, work_chunk_size: 80000040, nseq: 543336
	[0000][ M::kt_pipeline] read 543336 sequences (80000040 bp)...
[0000] Calling mem_process_seqs.., task: 22
[0000] 1. Calling kt_for - worker_bwt
[0000] read_chunk: 80000000, work_chunk_size: 80000000, nseq: 543354
	[0000][ M::kt_pipeline] read 543354 sequences (80000000 bp)...
[0000] 2. Calling kt_for - worker_aln
[0000] Inferring insert size distribution of PE reads from data, l_pac: 29322347, n: 543336
[0000][PE] # candidate unique pairs for (FF, FR, RF, RR): (8, 261402, 2, 4)
[0000][PE] skip orientation FF as there are not enough pairs
[0000][PE] analyzing insert size distribution for orientation FR...
[0000][PE] (25, 50, 75) percentile: (291, 379, 480)
[0000][PE] low and high boundaries for computing mean and std.dev: (1, 858)
[0000][PE] mean and std.dev: (386.59, 153.86)
[0000][PE] low and high boundaries for proper pairs: (1, 1047)
[0000][PE] skip orientation RF as there are not enough pairs
[0000][PE] skip orientation RR as there are not enough pairs
[0000] 3. Calling kt_for - worker_sam
	[0000][ M::mem_process_seqs] Processed 543336 reads in 31.138 CPU sec, 3.852 real sec
[0000] Calling mem_process_seqs.., task: 23
[0000] 1. Calling kt_for - worker_bwt
[0000] read_chunk: 80000000, work_chunk_size: 80000261, nseq: 543264
	[0000][ M::kt_pipeline] read 543264 sequences (80000261 bp)...
[0000] 2. Calling kt_for - worker_aln
[0000] Inferring insert size distribution of PE reads from data, l_pac: 29322347, n: 543354
[0000][PE] # candidate unique pairs for (FF, FR, RF, RR): (7, 261738, 2, 6)
[0000][PE] skip orientation FF as there are not enough pairs
[0000][PE] analyzing insert size distribution for orientation FR...
[0000][PE] (25, 50, 75) percentile: (290, 378, 480)
[0000][PE] low and high boundaries for computing mean and std.dev: (1, 860)
[0000][PE] mean and std.dev: (385.98, 153.56)
[0000][PE] low and high boundaries for proper pairs: (1, 1050)
[0000][PE] skip orientation RF as there are not enough pairs
[0000][PE] skip orientation RR as there are not enough pairs
[0000] 3. Calling kt_for - worker_sam
	[0000][ M::mem_process_seqs] Processed 543354 reads in 29.811 CPU sec, 3.671 real sec
[0000] Calling mem_process_seqs.., task: 24
[0000] 1. Calling kt_for - worker_bwt
[0000] 2. Calling kt_for - worker_aln
[0000] Inferring insert size distribution of PE reads from data, l_pac: 29322347, n: 543264
[0000][PE] # candidate unique pairs for (FF, FR, RF, RR): (6, 261624, 3, 5)
[0000][PE] skip orientation FF as there are not enough pairs
[0000][PE] analyzing insert size distribution for orientation FR...
[0000][PE] (25, 50, 75) percentile: (293, 383, 486)
[0000][PE] low and high boundaries for computing mean and std.dev: (1, 872)
[0000][PE] mean and std.dev: (390.92, 156.10)
[0000][PE] low and high boundaries for proper pairs: (1, 1065)
[0000][PE] skip orientation RF as there are not enough pairs
[0000][PE] skip orientation RR as there are not enough pairs
[0000] 3. Calling kt_for - worker_sam
	[0000][ M::mem_process_seqs] Processed 543264 reads in 27.726 CPU sec, 3.548 real sec
[0000] read_chunk: 80000000, work_chunk_size: 80000013, nseq: 542884
	[0000][ M::kt_pipeline] read 542884 sequences (80000013 bp)...
[0000] Calling mem_process_seqs.., task: 25
[0000] 1. Calling kt_for - worker_bwt
[0000] read_chunk: 80000000, work_chunk_size: 80000070, nseq: 543754
	[0000][ M::kt_pipeline] read 543754 sequences (80000070 bp)...
[0000] 2. Calling kt_for - worker_aln
[0000] Inferring insert size distribution of PE reads from data, l_pac: 29322347, n: 542884
[0000][PE] # candidate unique pairs for (FF, FR, RF, RR): (11, 261545, 5, 6)
[0000][PE] analyzing insert size distribution for orientation FF...
[0000][PE] (25, 50, 75) percentile: (212, 305, 595)
[0000][PE] low and high boundaries for computing mean and std.dev: (1, 1361)
[0000][PE] mean and std.dev: (380.20, 285.40)
[0000][PE] low and high boundaries for proper pairs: (1, 1744)
[0000][PE] analyzing insert size distribution for orientation FR...
[0000][PE] (25, 50, 75) percentile: (295, 384, 488)
[0000][PE] low and high boundaries for computing mean and std.dev: (1, 874)
[0000][PE] mean and std.dev: (392.89, 156.41)
[0000][PE] low and high boundaries for proper pairs: (1, 1067)
[0000][PE] skip orientation RF as there are not enough pairs
[0000][PE] skip orientation RR as there are not enough pairs
[0000][PE] skip orientation FF
[0000] 3. Calling kt_for - worker_sam
	[0000][ M::mem_process_seqs] Processed 542884 reads in 28.262 CPU sec, 3.507 real sec
[0000] Calling mem_process_seqs.., task: 26
[0000] 1. Calling kt_for - worker_bwt
[0000] read_chunk: 80000000, work_chunk_size: 80000077, nseq: 543164
	[0000][ M::kt_pipeline] read 543164 sequences (80000077 bp)...
[0000] 2. Calling kt_for - worker_aln
[0000] Inferring insert size distribution of PE reads from data, l_pac: 29322347, n: 543754
[0000][PE] # candidate unique pairs for (FF, FR, RF, RR): (9, 260719, 8, 7)
[0000][PE] skip orientation FF as there are not enough pairs
[0000][PE] analyzing insert size distribution for orientation FR...
[0000][PE] (25, 50, 75) percentile: (288, 376, 475)
[0000][PE] low and high boundaries for computing mean and std.dev: (1, 849)
[0000][PE] mean and std.dev: (382.62, 151.61)
[0000][PE] low and high boundaries for proper pairs: (1, 1036)
[0000][PE] skip orientation RF as there are not enough pairs
[0000][PE] skip orientation RR as there are not enough pairs
[0000] 3. Calling kt_for - worker_sam
	[0000][ M::mem_process_seqs] Processed 543754 reads in 32.336 CPU sec, 4.003 real sec
[0000] Calling mem_process_seqs.., task: 27
[0000] 1. Calling kt_for - worker_bwt
[0000] read_chunk: 80000000, work_chunk_size: 80000027, nseq: 543008
	[0000][ M::kt_pipeline] read 543008 sequences (80000027 bp)...
[0000] 2. Calling kt_for - worker_aln
[0000] Inferring insert size distribution of PE reads from data, l_pac: 29322347, n: 543164
[0000][PE] # candidate unique pairs for (FF, FR, RF, RR): (5, 261352, 1, 7)
[0000][PE] skip orientation FF as there are not enough pairs
[0000][PE] analyzing insert size distribution for orientation FR...
[0000][PE] (25, 50, 75) percentile: (293, 381, 482)
[0000][PE] low and high boundaries for computing mean and std.dev: (1, 860)
[0000][PE] mean and std.dev: (388.72, 153.77)
[0000][PE] low and high boundaries for proper pairs: (1, 1049)
[0000][PE] skip orientation RF as there are not enough pairs
[0000][PE] skip orientation RR as there are not enough pairs
[0000] 3. Calling kt_for - worker_sam
	[0000][ M::mem_process_seqs] Processed 543164 reads in 30.020 CPU sec, 3.697 real sec
[0000] Calling mem_process_seqs.., task: 28
[0000] 1. Calling kt_for - worker_bwt
[0000] read_chunk: 80000000, work_chunk_size: 80000076, nseq: 543006
	[0000][ M::kt_pipeline] read 543006 sequences (80000076 bp)...
[0000] 2. Calling kt_for - worker_aln
[0000] Inferring insert size distribution of PE reads from data, l_pac: 29322347, n: 543008
[0000][PE] # candidate unique pairs for (FF, FR, RF, RR): (5, 261404, 3, 11)
[0000][PE] skip orientation FF as there are not enough pairs
[0000][PE] analyzing insert size distribution for orientation FR...
[0000][PE] (25, 50, 75) percentile: (294, 384, 488)
[0000][PE] low and high boundaries for computing mean and std.dev: (1, 876)
[0000][PE] mean and std.dev: (392.78, 156.69)
[0000][PE] low and high boundaries for proper pairs: (1, 1070)
[0000][PE] skip orientation RF as there are not enough pairs
[0000][PE] analyzing insert size distribution for orientation RR...
[0000][PE] (25, 50, 75) percentile: (251, 271, 1408)
[0000][PE] low and high boundaries for computing mean and std.dev: (1, 3722)
[0000][PE] mean and std.dev: (445.00, 407.73)
[0000][PE] low and high boundaries for proper pairs: (1, 4879)
[0000][PE] skip orientation RR
[0000] 3. Calling kt_for - worker_sam
	[0000][ M::mem_process_seqs] Processed 543008 reads in 30.412 CPU sec, 3.750 real sec
[0000] Calling mem_process_seqs.., task: 29
[0000] 1. Calling kt_for - worker_bwt
[0000] read_chunk: 80000000, work_chunk_size: 9158352, nseq: 62160
	[0000][ M::kt_pipeline] read 62160 sequences (9158352 bp)...
[0000] 2. Calling kt_for - worker_aln
[0000] Inferring insert size distribution of PE reads from data, l_pac: 29322347, n: 543006
[0000][PE] # candidate unique pairs for (FF, FR, RF, RR): (6, 261300, 9, 7)
[0000][PE] skip orientation FF as there are not enough pairs
[0000][PE] analyzing insert size distribution for orientation FR...
[0000][PE] (25, 50, 75) percentile: (295, 385, 488)
[0000][PE] low and high boundaries for computing mean and std.dev: (1, 874)
[0000][PE] mean and std.dev: (393.37, 156.47)
[0000][PE] low and high boundaries for proper pairs: (1, 1067)
[0000][PE] skip orientation RF as there are not enough pairs
[0000][PE] skip orientation RR as there are not enough pairs
[0000] 3. Calling kt_for - worker_sam
	[0000][ M::mem_process_seqs] Processed 543006 reads in 30.568 CPU sec, 3.877 real sec
[0000] Calling mem_process_seqs.., task: 30
[0000] 1. Calling kt_for - worker_bwt
[0000] 2. Calling kt_for - worker_aln
[0000] read_chunk: 80000000, work_chunk_size: 0, nseq: 0
[0000] Inferring insert size distribution of PE reads from data, l_pac: 29322347, n: 62160
[0000][PE] # candidate unique pairs for (FF, FR, RF, RR): (1, 29789, 2, 2)
[0000][PE] skip orientation FF as there are not enough pairs
[0000][PE] analyzing insert size distribution for orientation FR...
[0000][PE] (25, 50, 75) percentile: (294, 384, 490)
[0000][PE] low and high boundaries for computing mean and std.dev: (1, 882)
[0000][PE] mean and std.dev: (393.97, 157.54)
[0000][PE] low and high boundaries for proper pairs: (1, 1078)
[0000][PE] skip orientation RF as there are not enough pairs
[0000][PE] skip orientation RR as there are not enough pairs
[0000] 3. Calling kt_for - worker_sam
	[0000][ M::mem_process_seqs] Processed 62160 reads in 4.131 CPU sec, 0.506 real sec
[0000] read_chunk: 80000000, work_chunk_size: 0, nseq: 0
[0000] Computation ends..
No. of OMP threads: 8
Processor is running @2445.572483 MHz
Runtime profile:

	Time taken for main_mem function: 396.15 sec

	IO times (sec) :
	Reading IO time (reads) avg: 163.42, (163.42, 163.42)
	Writing IO time (SAM) avg: 173.42, (173.42, 173.42)
	Reading IO time (Reference Genome) avg: 0.04, (0.04, 0.04)
	Index read time avg: 0.09, (0.09, 0.09)

	Overall time (sec) (Excluding Index reading time):
	PROCESS() (Total compute time + (read + SAM) IO time) : 396.00
	MEM_PROCESS_SEQ() (Total compute time (Kernel + SAM)), avg: 112.12, (112.12, 112.12)

	 SAM Processing time (sec):
	--WORKER_SAM avg: 21.02, (21.02, 21.02)

	Kernels' compute time (sec):
	Total kernel (smem+sal+bsw) time avg: 89.60, (89.60, 89.60)
		SMEM compute avg: 62.76, (62.92, 62.64)
		SAL compute avg: 7.34, (7.46, 7.26)
				MEM_SA avg: 5.56, (5.63, 5.51)

		BSW time, avg: 18.25, (18.27, 18.23)

Important parameter settings: 
	BATCH_SIZE: 512
	MAX_SEQ_LEN_REF: 256
	MAX_SEQ_LEN_QER: 128
	MAX_SEQ_LEN8: 128
	SEEDS_PER_READ: 500
	SIMD_WIDTH8 X: 32
	SIMD_WIDTH16 X: 16
	AVG_SEEDS_PER_READ: 64
[bam_sort_core] merging from 1 files and 6 in-memory blocks...
