000 (3834891.001.000) 2025-01-30 15:51:16 Job submitted from host: <128.105.68.113:9618?addrs=128.105.68.113-9618+[2607-f388-2200-100-eaeb-d3ff-fea7-d05e]-9618&alias=ap2002.chtc.wisc.edu&noUDP&sock=schedd_3800031_c57e>
...
040 (3834891.001.000) 2025-01-30 16:05:31 Started transferring input files
	Transferring to host: <128.105.69.227:9618?addrs=128.105.69.227-9618+[2607-f388-2200-100-eaeb-d3ff-fe40-155c]-9618&alias=e2610.chtc.wisc.edu&noUDP&sock=slot1_2_969378_3eb5_44006>
...
001 (3834891.001.000) 2025-01-30 16:05:31 Job executing on host: <128.105.69.227:9618?addrs=128.105.69.227-9618+[2607-f388-2200-100-eaeb-d3ff-fe40-155c]-9618&alias=e2610.chtc.wisc.edu&noUDP&sock=startd_20742_dd7f>
	SlotName: slot1_2@e2610.chtc.wisc.edu
	CondorScratchDir = "/var/lib/condor/execute/slot1/dir_722442"
	Cpus = 8
	Disk = 12584304
	GPUs = 0
	IoHeavy = 0
	Memory = 24576
...
040 (3834891.001.000) 2025-01-30 16:05:31 Finished transferring input files
...
006 (3834891.001.000) 2025-01-30 16:05:45 Image size of job updated: 748
	1  -  MemoryUsage of job (MB)
	748  -  ResidentSetSize of job (KB)
...
006 (3834891.001.000) 2025-01-30 16:10:46 Image size of job updated: 4592
	5  -  MemoryUsage of job (MB)
	4592  -  ResidentSetSize of job (KB)
...
006 (3834891.001.000) 2025-01-30 16:15:46 Image size of job updated: 1637704
	1600  -  MemoryUsage of job (MB)
	1637704  -  ResidentSetSize of job (KB)
...
006 (3834891.001.000) 2025-01-30 16:20:47 Image size of job updated: 2759308
	2695  -  MemoryUsage of job (MB)
	2759308  -  ResidentSetSize of job (KB)
...
006 (3834891.001.000) 2025-01-30 16:25:47 Image size of job updated: 3619600
	3535  -  MemoryUsage of job (MB)
	3619600  -  ResidentSetSize of job (KB)
...
006 (3834891.001.000) 2025-01-30 16:30:47 Image size of job updated: 5372896
	5247  -  MemoryUsage of job (MB)
	5372896  -  ResidentSetSize of job (KB)
...
006 (3834891.001.000) 2025-01-30 16:35:48 Image size of job updated: 5553776
	5424  -  MemoryUsage of job (MB)
	5553776  -  ResidentSetSize of job (KB)
...
006 (3834891.001.000) 2025-01-30 16:40:48 Image size of job updated: 6265416
	6119  -  MemoryUsage of job (MB)
	6265416  -  ResidentSetSize of job (KB)
...
006 (3834891.001.000) 2025-01-30 16:45:50 Image size of job updated: 6265508
	6119  -  MemoryUsage of job (MB)
	6265416  -  ResidentSetSize of job (KB)
...
040 (3834891.001.000) 2025-01-30 17:13:03 Started transferring output files
...
040 (3834891.001.000) 2025-01-30 17:13:03 Finished transferring output files
...
005 (3834891.001.000) 2025-01-30 17:13:03 Job terminated.
	(1) Normal termination (return value 0)
		Usr 0 00:24:11, Sys 0 00:00:50  -  Run Remote Usage
		Usr 0 00:00:00, Sys 0 00:00:00  -  Run Local Usage
		Usr 0 00:24:11, Sys 0 00:00:50  -  Total Remote Usage
		Usr 0 00:00:00, Sys 0 00:00:00  -  Total Local Usage
	50996  -  Run Bytes Sent By Job
	3672  -  Run Bytes Received By Job
	50996  -  Total Bytes Sent By Job
	3672  -  Total Bytes Received By Job
	Partitionable Resources :    Usage  Request Allocated 
	   Cpus                 :        0        8         8 
	   Disk (KB)            :   422593 12582912  12584304 
	   GPUs                 :                           0 
	   IoHeavy              :                           0 
	   Memory (MB)          :     6119    24576     24576 
	   TimeExecute (s)      :     4052                    
	   TimeSlotBusy (s)     :     4052                    

	Job terminated of its own accord at 2025-01-30T23:13:03Z with exit-code 0.
...
