Looking to launch executable "/var/lib/condor/execute/slot1/dir_722442/shortReadMapping/bin/bwa-mem2.avx2", simd = .avx2
Launching executable "/var/lib/condor/execute/slot1/dir_722442/shortReadMapping/bin/bwa-mem2.avx2"
[bwa_index] Pack FASTA... 0.10 sec
* Entering FMI_search
init ticks = 2387764218
ref seq len = 58644694
binary seq ticks = 1120481873
build suffix-array ticks = 12875311271
pos: 7330587, ref_seq_len__: 7330586
build fm-index ticks = 3710416171
Total time taken: 8.6812
Looking to launch executable "/var/lib/condor/execute/slot1/dir_722442/shortReadMapping/bin/bwa-mem2.avx2", simd = .avx2
Launching executable "/var/lib/condor/execute/slot1/dir_722442/shortReadMapping/bin/bwa-mem2.avx2"
-----------------------------
Executing in AVX2 mode!!
-----------------------------
* SA compression enabled with xfactor: 8
* Ref file: /staging/gluckthaler/analysis/aspfum521/ref/data/CEA10.fna
* Entering FMI_search
* Index file found. Loading index from /staging/gluckthaler/analysis/aspfum521/ref/data/CEA10.fna.bwt.2bit.64
* Reference seq len for bi-index = 58644695
* sentinel-index: 4936675
* Count:
0,	1
1,	14824656
2,	29322348
3,	43820040
4,	58644695

* Reading other elements of the index from files /staging/gluckthaler/analysis/aspfum521/ref/data/CEA10.fna
* Index prefix: /staging/gluckthaler/analysis/aspfum521/ref/data/CEA10.fna
* Read 0 ALT contigs
* Done reading Index!!
* Reading reference genome..
* Binary seq file = /staging/gluckthaler/analysis/aspfum521/ref/data/CEA10.fna.0123
* Reference genome size: 58644694 bp
* Done reading reference genome !!

------------------------------------------
1. Memory pre-allocation for Chaining: 1114.7223 MB
2. Memory pre-allocation for BSW: 1916.9362 MB
3. Memory pre-allocation for BWT: 618.5134 MB
------------------------------------------
* Threads used (compute): 8
* No. of pipeline threads: 2

[0000] read_chunk: 80000000, work_chunk_size: 80000092, nseq: 545720
	[0000][ M::kt_pipeline] read 545720 sequences (80000092 bp)...
[0000] Reallocating initial memory allocations!!
[0000] Calling mem_process_seqs.., task: 0
[0000] 1. Calling kt_for - worker_bwt
[0000] 2. Calling kt_for - worker_aln
[0000] Inferring insert size distribution of PE reads from data, l_pac: 29322347, n: 545720
[0000][PE] # candidate unique pairs for (FF, FR, RF, RR): (10, 263609, 7, 4)
[0000][PE] analyzing insert size distribution for orientation FF...
[0000][PE] (25, 50, 75) percentile: (148, 311, 361)
[0000][PE] low and high boundaries for computing mean and std.dev: (1, 787)
[0000][PE] mean and std.dev: (271.67, 165.58)
[0000][PE] low and high boundaries for proper pairs: (1, 1000)
[0000][PE] analyzing insert size distribution for orientation FR...
[0000][PE] (25, 50, 75) percentile: (269, 356, 453)
[0000][PE] low and high boundaries for computing mean and std.dev: (1, 821)
[0000][PE] mean and std.dev: (362.67, 147.89)
[0000][PE] low and high boundaries for proper pairs: (1, 1005)
[0000][PE] skip orientation RF as there are not enough pairs
[0000][PE] skip orientation RR as there are not enough pairs
[0000][PE] skip orientation FF
[0000] 3. Calling kt_for - worker_sam
	[0000][ M::mem_process_seqs] Processed 545720 reads in 27.377 CPU sec, 3.476 real sec
[0000] read_chunk: 80000000, work_chunk_size: 80000055, nseq: 545554
	[0000][ M::kt_pipeline] read 545554 sequences (80000055 bp)...
[0000] Calling mem_process_seqs.., task: 1
[0000] 1. Calling kt_for - worker_bwt
[0000] 2. Calling kt_for - worker_aln
[0000] Inferring insert size distribution of PE reads from data, l_pac: 29322347, n: 545554
[0000][PE] # candidate unique pairs for (FF, FR, RF, RR): (14, 263433, 1, 6)
[0000][PE] analyzing insert size distribution for orientation FF...
[0000][PE] (25, 50, 75) percentile: (157, 205, 234)
[0000][PE] low and high boundaries for computing mean and std.dev: (3, 388)
[0000][PE] mean and std.dev: (186.00, 51.56)
[0000][PE] low and high boundaries for proper pairs: (1, 465)
[0000][PE] analyzing insert size distribution for orientation FR...
[0000][PE] (25, 50, 75) percentile: (273, 359, 458)
[0000][PE] low and high boundaries for computing mean and std.dev: (1, 828)
[0000][PE] mean and std.dev: (366.90, 149.04)
[0000][PE] low and high boundaries for proper pairs: (1, 1013)
[0000][PE] skip orientation RF as there are not enough pairs
[0000][PE] skip orientation RR as there are not enough pairs
[0000][PE] skip orientation FF
[0000] 3. Calling kt_for - worker_sam
	[0000][ M::mem_process_seqs] Processed 545554 reads in 28.731 CPU sec, 3.678 real sec
[0000] read_chunk: 80000000, work_chunk_size: 80000065, nseq: 545250
	[0000][ M::kt_pipeline] read 545250 sequences (80000065 bp)...
[0000] Calling mem_process_seqs.., task: 2
[0000] 1. Calling kt_for - worker_bwt
[0000] 2. Calling kt_for - worker_aln
[0000] Inferring insert size distribution of PE reads from data, l_pac: 29322347, n: 545250
[0000][PE] # candidate unique pairs for (FF, FR, RF, RR): (15, 263179, 3, 7)
[0000][PE] analyzing insert size distribution for orientation FF...
[0000][PE] (25, 50, 75) percentile: (165, 270, 1224)
[0000][PE] low and high boundaries for computing mean and std.dev: (1, 3342)
[0000][PE] mean and std.dev: (509.08, 796.57)
[0000][PE] low and high boundaries for proper pairs: (1, 4401)
[0000][PE] analyzing insert size distribution for orientation FR...
[0000][PE] (25, 50, 75) percentile: (274, 361, 461)
[0000][PE] low and high boundaries for computing mean and std.dev: (1, 835)
[0000][PE] mean and std.dev: (369.14, 150.05)
[0000][PE] low and high boundaries for proper pairs: (1, 1022)
[0000][PE] skip orientation RF as there are not enough pairs
[0000][PE] skip orientation RR as there are not enough pairs
[0000][PE] skip orientation FF
[0000] 3. Calling kt_for - worker_sam
	[0000][ M::mem_process_seqs] Processed 545250 reads in 26.806 CPU sec, 3.422 real sec
[0000] read_chunk: 80000000, work_chunk_size: 80000073, nseq: 545368
	[0000][ M::kt_pipeline] read 545368 sequences (80000073 bp)...
[0000] Calling mem_process_seqs.., task: 3
[0000] 1. Calling kt_for - worker_bwt
[0000] 2. Calling kt_for - worker_aln
[0000] Inferring insert size distribution of PE reads from data, l_pac: 29322347, n: 545368
[0000][PE] # candidate unique pairs for (FF, FR, RF, RR): (9, 262973, 4, 4)
[0000][PE] skip orientation FF as there are not enough pairs
[0000][PE] analyzing insert size distribution for orientation FR...
[0000][PE] (25, 50, 75) percentile: (274, 361, 461)
[0000][PE] low and high boundaries for computing mean and std.dev: (1, 835)
[0000][PE] mean and std.dev: (368.77, 150.48)
[0000][PE] low and high boundaries for proper pairs: (1, 1022)
[0000][PE] skip orientation RF as there are not enough pairs
[0000][PE] skip orientation RR as there are not enough pairs
[0000] 3. Calling kt_for - worker_sam
	[0000][ M::mem_process_seqs] Processed 545368 reads in 27.454 CPU sec, 3.486 real sec
[0000] read_chunk: 80000000, work_chunk_size: 80000187, nseq: 545194
	[0000][ M::kt_pipeline] read 545194 sequences (80000187 bp)...
[0000] Calling mem_process_seqs.., task: 4
[0000] 1. Calling kt_for - worker_bwt
[0000] 2. Calling kt_for - worker_aln
[0000] Inferring insert size distribution of PE reads from data, l_pac: 29322347, n: 545194
[0000][PE] # candidate unique pairs for (FF, FR, RF, RR): (14, 262458, 2, 9)
[0000][PE] analyzing insert size distribution for orientation FF...
[0000][PE] (25, 50, 75) percentile: (173, 326, 446)
[0000][PE] low and high boundaries for computing mean and std.dev: (1, 992)
[0000][PE] mean and std.dev: (298.17, 230.31)
[0000][PE] low and high boundaries for proper pairs: (1, 1265)
[0000][PE] analyzing insert size distribution for orientation FR...
[0000][PE] (25, 50, 75) percentile: (274, 360, 460)
[0000][PE] low and high boundaries for computing mean and std.dev: (1, 832)
[0000][PE] mean and std.dev: (368.48, 150.00)
[0000][PE] low and high boundaries for proper pairs: (1, 1018)
[0000][PE] skip orientation RF as there are not enough pairs
[0000][PE] skip orientation RR as there are not enough pairs
[0000][PE] skip orientation FF
[0000] 3. Calling kt_for - worker_sam
	[0000][ M::mem_process_seqs] Processed 545194 reads in 28.437 CPU sec, 3.607 real sec
[0000] read_chunk: 80000000, work_chunk_size: 80000260, nseq: 545994
	[0000][ M::kt_pipeline] read 545994 sequences (80000260 bp)...
[0000] Reallocating initial memory allocations!!
[0000] Calling mem_process_seqs.., task: 5
[0000] 1. Calling kt_for - worker_bwt
[0000] 2. Calling kt_for - worker_aln
[0000] Inferring insert size distribution of PE reads from data, l_pac: 29322347, n: 545994
[0000][PE] # candidate unique pairs for (FF, FR, RF, RR): (8, 263628, 4, 6)
[0000][PE] skip orientation FF as there are not enough pairs
[0000][PE] analyzing insert size distribution for orientation FR...
[0000][PE] (25, 50, 75) percentile: (266, 351, 445)
[0000][PE] low and high boundaries for computing mean and std.dev: (1, 803)
[0000][PE] mean and std.dev: (356.57, 144.16)
[0000][PE] low and high boundaries for proper pairs: (1, 982)
[0000][PE] skip orientation RF as there are not enough pairs
[0000][PE] skip orientation RR as there are not enough pairs
[0000] 3. Calling kt_for - worker_sam
	[0000][ M::mem_process_seqs] Processed 545994 reads in 27.690 CPU sec, 3.539 real sec
[0000] read_chunk: 80000000, work_chunk_size: 80000173, nseq: 545096
	[0000][ M::kt_pipeline] read 545096 sequences (80000173 bp)...
[0000] Calling mem_process_seqs.., task: 6
[0000] 1. Calling kt_for - worker_bwt
[0000] 2. Calling kt_for - worker_aln
[0000] Inferring insert size distribution of PE reads from data, l_pac: 29322347, n: 545096
[0000][PE] # candidate unique pairs for (FF, FR, RF, RR): (4, 263109, 7, 10)
[0000][PE] skip orientation FF as there are not enough pairs
[0000][PE] analyzing insert size distribution for orientation FR...
[0000][PE] (25, 50, 75) percentile: (272, 357, 454)
[0000][PE] low and high boundaries for computing mean and std.dev: (1, 818)
[0000][PE] mean and std.dev: (364.17, 146.87)
[0000][PE] low and high boundaries for proper pairs: (1, 1000)
[0000][PE] skip orientation RF as there are not enough pairs
[0000][PE] analyzing insert size distribution for orientation RR...
[0000][PE] (25, 50, 75) percentile: (220, 384, 1299)
[0000][PE] low and high boundaries for computing mean and std.dev: (1, 3457)
[0000][PE] mean and std.dev: (510.00, 428.22)
[0000][PE] low and high boundaries for proper pairs: (1, 4536)
[0000][PE] skip orientation RR
[0000] 3. Calling kt_for - worker_sam
	[0000][ M::mem_process_seqs] Processed 545096 reads in 27.095 CPU sec, 3.448 real sec
[0000] read_chunk: 80000000, work_chunk_size: 80000254, nseq: 544806
	[0000][ M::kt_pipeline] read 544806 sequences (80000254 bp)...
[0000] Calling mem_process_seqs.., task: 7
[0000] 1. Calling kt_for - worker_bwt
[0000] 2. Calling kt_for - worker_aln
[0000] Inferring insert size distribution of PE reads from data, l_pac: 29322347, n: 544806
[0000][PE] # candidate unique pairs for (FF, FR, RF, RR): (3, 262973, 8, 7)
[0000][PE] skip orientation FF as there are not enough pairs
[0000][PE] analyzing insert size distribution for orientation FR...
[0000][PE] (25, 50, 75) percentile: (274, 360, 459)
[0000][PE] low and high boundaries for computing mean and std.dev: (1, 829)
[0000][PE] mean and std.dev: (367.86, 148.65)
[0000][PE] low and high boundaries for proper pairs: (1, 1014)
[0000][PE] skip orientation RF as there are not enough pairs
[0000][PE] skip orientation RR as there are not enough pairs
[0000] 3. Calling kt_for - worker_sam
	[0000][ M::mem_process_seqs] Processed 544806 reads in 26.454 CPU sec, 3.371 real sec
[0000] read_chunk: 80000000, work_chunk_size: 80000203, nseq: 544728
	[0000][ M::kt_pipeline] read 544728 sequences (80000203 bp)...
[0000] Calling mem_process_seqs.., task: 8
[0000] 1. Calling kt_for - worker_bwt
[0000] 2. Calling kt_for - worker_aln
[0000] Inferring insert size distribution of PE reads from data, l_pac: 29322347, n: 544728
[0000][PE] # candidate unique pairs for (FF, FR, RF, RR): (6, 262892, 3, 7)
[0000][PE] skip orientation FF as there are not enough pairs
[0000][PE] analyzing insert size distribution for orientation FR...
[0000][PE] (25, 50, 75) percentile: (275, 361, 460)
[0000][PE] low and high boundaries for computing mean and std.dev: (1, 830)
[0000][PE] mean and std.dev: (368.86, 148.74)
[0000][PE] low and high boundaries for proper pairs: (1, 1015)
[0000][PE] skip orientation RF as there are not enough pairs
[0000][PE] skip orientation RR as there are not enough pairs
[0000] 3. Calling kt_for - worker_sam
	[0000][ M::mem_process_seqs] Processed 544728 reads in 26.257 CPU sec, 3.367 real sec
[0000] read_chunk: 80000000, work_chunk_size: 80000108, nseq: 544864
	[0000][ M::kt_pipeline] read 544864 sequences (80000108 bp)...
[0000] Calling mem_process_seqs.., task: 9
[0000] 1. Calling kt_for - worker_bwt
[0000] 2. Calling kt_for - worker_aln
[0000] Inferring insert size distribution of PE reads from data, l_pac: 29322347, n: 544864
[0000][PE] # candidate unique pairs for (FF, FR, RF, RR): (13, 262611, 5, 6)
[0000][PE] analyzing insert size distribution for orientation FF...
[0000][PE] (25, 50, 75) percentile: (164, 224, 417)
[0000][PE] low and high boundaries for computing mean and std.dev: (1, 923)
[0000][PE] mean and std.dev: (197.64, 103.54)
[0000][PE] low and high boundaries for proper pairs: (1, 1176)
[0000][PE] analyzing insert size distribution for orientation FR...
[0000][PE] (25, 50, 75) percentile: (273, 359, 457)
[0000][PE] low and high boundaries for computing mean and std.dev: (1, 825)
[0000][PE] mean and std.dev: (366.87, 148.56)
[0000][PE] low and high boundaries for proper pairs: (1, 1009)
[0000][PE] skip orientation RF as there are not enough pairs
[0000][PE] skip orientation RR as there are not enough pairs
[0000][PE] skip orientation FF
[0000] 3. Calling kt_for - worker_sam
	[0000][ M::mem_process_seqs] Processed 544864 reads in 28.202 CPU sec, 3.598 real sec
[0000] read_chunk: 80000000, work_chunk_size: 80000038, nseq: 545916
	[0000][ M::kt_pipeline] read 545916 sequences (80000038 bp)...
[0000] Calling mem_process_seqs.., task: 10
[0000] 1. Calling kt_for - worker_bwt
[0000] 2. Calling kt_for - worker_aln
[0000] Inferring insert size distribution of PE reads from data, l_pac: 29322347, n: 545916
[0000][PE] # candidate unique pairs for (FF, FR, RF, RR): (5, 263377, 5, 4)
[0000][PE] skip orientation FF as there are not enough pairs
[0000][PE] analyzing insert size distribution for orientation FR...
[0000][PE] (25, 50, 75) percentile: (265, 349, 443)
[0000][PE] low and high boundaries for computing mean and std.dev: (1, 799)
[0000][PE] mean and std.dev: (354.88, 142.97)
[0000][PE] low and high boundaries for proper pairs: (1, 977)
[0000][PE] skip orientation RF as there are not enough pairs
[0000][PE] skip orientation RR as there are not enough pairs
[0000] 3. Calling kt_for - worker_sam
	[0000][ M::mem_process_seqs] Processed 545916 reads in 27.870 CPU sec, 3.556 real sec
[0000] read_chunk: 80000000, work_chunk_size: 80000101, nseq: 544672
	[0000][ M::kt_pipeline] read 544672 sequences (80000101 bp)...
[0000] Calling mem_process_seqs.., task: 11
[0000] 1. Calling kt_for - worker_bwt
[0000] 2. Calling kt_for - worker_aln
[0000] Inferring insert size distribution of PE reads from data, l_pac: 29322347, n: 544672
[0000][PE] # candidate unique pairs for (FF, FR, RF, RR): (5, 262925, 3, 4)
[0000][PE] skip orientation FF as there are not enough pairs
[0000][PE] analyzing insert size distribution for orientation FR...
[0000][PE] (25, 50, 75) percentile: (272, 357, 453)
[0000][PE] low and high boundaries for computing mean and std.dev: (1, 815)
[0000][PE] mean and std.dev: (363.82, 145.81)
[0000][PE] low and high boundaries for proper pairs: (1, 996)
[0000][PE] skip orientation RF as there are not enough pairs
[0000][PE] skip orientation RR as there are not enough pairs
[0000] 3. Calling kt_for - worker_sam
	[0000][ M::mem_process_seqs] Processed 544672 reads in 26.057 CPU sec, 3.337 real sec
[0000] read_chunk: 80000000, work_chunk_size: 80000185, nseq: 544450
	[0000][ M::kt_pipeline] read 544450 sequences (80000185 bp)...
[0000] Calling mem_process_seqs.., task: 12
[0000] 1. Calling kt_for - worker_bwt
[0000] 2. Calling kt_for - worker_aln
[0000] Inferring insert size distribution of PE reads from data, l_pac: 29322347, n: 544450
[0000][PE] # candidate unique pairs for (FF, FR, RF, RR): (7, 262636, 4, 5)
[0000][PE] skip orientation FF as there are not enough pairs
[0000][PE] analyzing insert size distribution for orientation FR...
[0000][PE] (25, 50, 75) percentile: (274, 360, 457)
[0000][PE] low and high boundaries for computing mean and std.dev: (1, 823)
[0000][PE] mean and std.dev: (367.18, 147.16)
[0000][PE] low and high boundaries for proper pairs: (1, 1006)
[0000][PE] skip orientation RF as there are not enough pairs
[0000][PE] skip orientation RR as there are not enough pairs
[0000] 3. Calling kt_for - worker_sam
	[0000][ M::mem_process_seqs] Processed 544450 reads in 27.156 CPU sec, 3.457 real sec
[0000] read_chunk: 80000000, work_chunk_size: 80000058, nseq: 544100
	[0000][ M::kt_pipeline] read 544100 sequences (80000058 bp)...
[0000] Calling mem_process_seqs.., task: 13
[0000] 1. Calling kt_for - worker_bwt
[0000] 2. Calling kt_for - worker_aln
[0000] Inferring insert size distribution of PE reads from data, l_pac: 29322347, n: 544100
[0000][PE] # candidate unique pairs for (FF, FR, RF, RR): (8, 262424, 5, 4)
[0000][PE] skip orientation FF as there are not enough pairs
[0000][PE] analyzing insert size distribution for orientation FR...
[0000][PE] (25, 50, 75) percentile: (275, 361, 459)
[0000][PE] low and high boundaries for computing mean and std.dev: (1, 827)
[0000][PE] mean and std.dev: (368.88, 147.94)
[0000][PE] low and high boundaries for proper pairs: (1, 1011)
[0000][PE] skip orientation RF as there are not enough pairs
[0000][PE] skip orientation RR as there are not enough pairs
[0000] 3. Calling kt_for - worker_sam
	[0000][ M::mem_process_seqs] Processed 544100 reads in 26.932 CPU sec, 3.449 real sec
[0000] read_chunk: 80000000, work_chunk_size: 80000275, nseq: 544558
	[0000][ M::kt_pipeline] read 544558 sequences (80000275 bp)...
[0000] Calling mem_process_seqs.., task: 14
[0000] 1. Calling kt_for - worker_bwt
[0000] 2. Calling kt_for - worker_aln
[0000] Inferring insert size distribution of PE reads from data, l_pac: 29322347, n: 544558
[0000][PE] # candidate unique pairs for (FF, FR, RF, RR): (9, 262086, 3, 6)
[0000][PE] skip orientation FF as there are not enough pairs
[0000][PE] analyzing insert size distribution for orientation FR...
[0000][PE] (25, 50, 75) percentile: (273, 357, 455)
[0000][PE] low and high boundaries for computing mean and std.dev: (1, 819)
[0000][PE] mean and std.dev: (365.34, 146.58)
[0000][PE] low and high boundaries for proper pairs: (1, 1001)
[0000][PE] skip orientation RF as there are not enough pairs
[0000][PE] skip orientation RR as there are not enough pairs
[0000] 3. Calling kt_for - worker_sam
	[0000][ M::mem_process_seqs] Processed 544558 reads in 29.068 CPU sec, 3.700 real sec
[0000] read_chunk: 80000000, work_chunk_size: 80000179, nseq: 545950
	[0000][ M::kt_pipeline] read 545950 sequences (80000179 bp)...
[0000] Calling mem_process_seqs.., task: 15
[0000] 1. Calling kt_for - worker_bwt
[0000] 2. Calling kt_for - worker_aln
[0000] Inferring insert size distribution of PE reads from data, l_pac: 29322347, n: 545950
[0000][PE] # candidate unique pairs for (FF, FR, RF, RR): (9, 263456, 7, 8)
[0000][PE] skip orientation FF as there are not enough pairs
[0000][PE] analyzing insert size distribution for orientation FR...
[0000][PE] (25, 50, 75) percentile: (266, 350, 445)
[0000][PE] low and high boundaries for computing mean and std.dev: (1, 803)
[0000][PE] mean and std.dev: (356.26, 143.75)
[0000][PE] low and high boundaries for proper pairs: (1, 982)
[0000][PE] skip orientation RF as there are not enough pairs
[0000][PE] skip orientation RR as there are not enough pairs
[0000] 3. Calling kt_for - worker_sam
	[0000][ M::mem_process_seqs] Processed 545950 reads in 27.633 CPU sec, 3.511 real sec
[0000] read_chunk: 80000000, work_chunk_size: 80000128, nseq: 544866
	[0000][ M::kt_pipeline] read 544866 sequences (80000128 bp)...
[0000] Calling mem_process_seqs.., task: 16
[0000] 1. Calling kt_for - worker_bwt
[0000] 2. Calling kt_for - worker_aln
[0000] Inferring insert size distribution of PE reads from data, l_pac: 29322347, n: 544866
[0000][PE] # candidate unique pairs for (FF, FR, RF, RR): (8, 262900, 3, 9)
[0000][PE] skip orientation FF as there are not enough pairs
[0000][PE] analyzing insert size distribution for orientation FR...
[0000][PE] (25, 50, 75) percentile: (271, 356, 452)
[0000][PE] low and high boundaries for computing mean and std.dev: (1, 814)
[0000][PE] mean and std.dev: (362.99, 145.74)
[0000][PE] low and high boundaries for proper pairs: (1, 995)
[0000][PE] skip orientation RF as there are not enough pairs
[0000][PE] skip orientation RR as there are not enough pairs
[0000] 3. Calling kt_for - worker_sam
	[0000][ M::mem_process_seqs] Processed 544866 reads in 28.233 CPU sec, 3.585 real sec
[0000] read_chunk: 80000000, work_chunk_size: 80000099, nseq: 544642
	[0000][ M::kt_pipeline] read 544642 sequences (80000099 bp)...
[0000] Calling mem_process_seqs.., task: 17
[0000] 1. Calling kt_for - worker_bwt
[0000] 2. Calling kt_for - worker_aln
[0000] Inferring insert size distribution of PE reads from data, l_pac: 29322347, n: 544642
[0000][PE] # candidate unique pairs for (FF, FR, RF, RR): (7, 262903, 3, 5)
[0000][PE] skip orientation FF as there are not enough pairs
[0000][PE] analyzing insert size distribution for orientation FR...
[0000][PE] (25, 50, 75) percentile: (274, 361, 458)
[0000][PE] low and high boundaries for computing mean and std.dev: (1, 826)
[0000][PE] mean and std.dev: (367.86, 148.12)
[0000][PE] low and high boundaries for proper pairs: (1, 1010)
[0000][PE] skip orientation RF as there are not enough pairs
[0000][PE] skip orientation RR as there are not enough pairs
[0000] 3. Calling kt_for - worker_sam
	[0000][ M::mem_process_seqs] Processed 544642 reads in 26.275 CPU sec, 3.355 real sec
[0000] read_chunk: 80000000, work_chunk_size: 80000161, nseq: 544294
	[0000][ M::kt_pipeline] read 544294 sequences (80000161 bp)...
[0000] Calling mem_process_seqs.., task: 18
[0000] 1. Calling kt_for - worker_bwt
[0000] 2. Calling kt_for - worker_aln
[0000] Inferring insert size distribution of PE reads from data, l_pac: 29322347, n: 544294
[0000][PE] # candidate unique pairs for (FF, FR, RF, RR): (7, 262786, 5, 9)
[0000][PE] skip orientation FF as there are not enough pairs
[0000][PE] analyzing insert size distribution for orientation FR...
[0000][PE] (25, 50, 75) percentile: (275, 361, 461)
[0000][PE] low and high boundaries for computing mean and std.dev: (1, 833)
[0000][PE] mean and std.dev: (369.94, 149.07)
[0000][PE] low and high boundaries for proper pairs: (1, 1019)
[0000][PE] skip orientation RF as there are not enough pairs
[0000][PE] skip orientation RR as there are not enough pairs
[0000] 3. Calling kt_for - worker_sam
	[0000][ M::mem_process_seqs] Processed 544294 reads in 26.427 CPU sec, 3.365 real sec
[0000] read_chunk: 80000000, work_chunk_size: 80000127, nseq: 544648
	[0000][ M::kt_pipeline] read 544648 sequences (80000127 bp)...
[0000] Calling mem_process_seqs.., task: 19
[0000] 1. Calling kt_for - worker_bwt
[0000] 2. Calling kt_for - worker_aln
[0000] Inferring insert size distribution of PE reads from data, l_pac: 29322347, n: 544648
[0000][PE] # candidate unique pairs for (FF, FR, RF, RR): (12, 262184, 8, 4)
[0000][PE] analyzing insert size distribution for orientation FF...
[0000][PE] (25, 50, 75) percentile: (209, 345, 6086)
[0000][PE] low and high boundaries for computing mean and std.dev: (1, 17840)
[0000][PE] mean and std.dev: (2352.83, 3246.23)
[0000][PE] low and high boundaries for proper pairs: (1, 23717)
[0000][PE] analyzing insert size distribution for orientation FR...
[0000][PE] (25, 50, 75) percentile: (275, 360, 460)
[0000][PE] low and high boundaries for computing mean and std.dev: (1, 830)
[0000][PE] mean and std.dev: (368.63, 148.74)
[0000][PE] low and high boundaries for proper pairs: (1, 1015)
[0000][PE] skip orientation RF as there are not enough pairs
[0000][PE] skip orientation RR as there are not enough pairs
[0000][PE] skip orientation FF
[0000] 3. Calling kt_for - worker_sam
	[0000][ M::mem_process_seqs] Processed 544648 reads in 27.213 CPU sec, 3.461 real sec
[0000] read_chunk: 80000000, work_chunk_size: 80000170, nseq: 544896
	[0000][ M::kt_pipeline] read 544896 sequences (80000170 bp)...
[0000] Calling mem_process_seqs.., task: 20
[0000] 1. Calling kt_for - worker_bwt
[0000] 2. Calling kt_for - worker_aln
[0000] Inferring insert size distribution of PE reads from data, l_pac: 29322347, n: 544896
[0000][PE] # candidate unique pairs for (FF, FR, RF, RR): (13, 262999, 0, 4)
[0000][PE] analyzing insert size distribution for orientation FF...
[0000][PE] (25, 50, 75) percentile: (165, 238, 1034)
[0000][PE] low and high boundaries for computing mean and std.dev: (1, 2772)
[0000][PE] mean and std.dev: (295.45, 251.27)
[0000][PE] low and high boundaries for proper pairs: (1, 3641)
[0000][PE] analyzing insert size distribution for orientation FR...
[0000][PE] (25, 50, 75) percentile: (275, 363, 462)
[0000][PE] low and high boundaries for computing mean and std.dev: (1, 836)
[0000][PE] mean and std.dev: (370.49, 150.21)
[0000][PE] low and high boundaries for proper pairs: (1, 1023)
[0000][PE] skip orientation RF as there are not enough pairs
[0000][PE] skip orientation RR as there are not enough pairs
[0000][PE] skip orientation FF
[0000] 3. Calling kt_for - worker_sam
	[0000][ M::mem_process_seqs] Processed 544896 reads in 27.734 CPU sec, 3.533 real sec
[0000] read_chunk: 80000000, work_chunk_size: 80000056, nseq: 544408
	[0000][ M::kt_pipeline] read 544408 sequences (80000056 bp)...
[0000] Calling mem_process_seqs.., task: 21
[0000] 1. Calling kt_for - worker_bwt
[0000] 2. Calling kt_for - worker_aln
[0000] Inferring insert size distribution of PE reads from data, l_pac: 29322347, n: 544408
[0000][PE] # candidate unique pairs for (FF, FR, RF, RR): (12, 262614, 4, 7)
[0000][PE] analyzing insert size distribution for orientation FF...
[0000][PE] (25, 50, 75) percentile: (195, 235, 1869)
[0000][PE] low and high boundaries for computing mean and std.dev: (1, 5217)
[0000][PE] mean and std.dev: (374.80, 499.86)
[0000][PE] low and high boundaries for proper pairs: (1, 6891)
[0000][PE] analyzing insert size distribution for orientation FR...
[0000][PE] (25, 50, 75) percentile: (277, 364, 464)
[0000][PE] low and high boundaries for computing mean and std.dev: (1, 838)
[0000][PE] mean and std.dev: (372.61, 150.04)
[0000][PE] low and high boundaries for proper pairs: (1, 1025)
[0000][PE] skip orientation RF as there are not enough pairs
[0000][PE] skip orientation RR as there are not enough pairs
[0000][PE] skip orientation FF
[0000] 3. Calling kt_for - worker_sam
	[0000][ M::mem_process_seqs] Processed 544408 reads in 26.720 CPU sec, 3.419 real sec
[0000] read_chunk: 80000000, work_chunk_size: 80000028, nseq: 544486
	[0000][ M::kt_pipeline] read 544486 sequences (80000028 bp)...
[0000] Calling mem_process_seqs.., task: 22
[0000] 1. Calling kt_for - worker_bwt
[0000] 2. Calling kt_for - worker_aln
[0000] Inferring insert size distribution of PE reads from data, l_pac: 29322347, n: 544486
[0000][PE] # candidate unique pairs for (FF, FR, RF, RR): (10, 262881, 6, 7)
[0000][PE] analyzing insert size distribution for orientation FF...
[0000][PE] (25, 50, 75) percentile: (208, 317, 819)
[0000][PE] low and high boundaries for computing mean and std.dev: (1, 2041)
[0000][PE] mean and std.dev: (326.62, 201.47)
[0000][PE] low and high boundaries for proper pairs: (1, 2652)
[0000][PE] analyzing insert size distribution for orientation FR...
[0000][PE] (25, 50, 75) percentile: (279, 366, 469)
[0000][PE] low and high boundaries for computing mean and std.dev: (1, 849)
[0000][PE] mean and std.dev: (375.73, 152.79)
[0000][PE] low and high boundaries for proper pairs: (1, 1039)
[0000][PE] skip orientation RF as there are not enough pairs
[0000][PE] skip orientation RR as there are not enough pairs
[0000][PE] skip orientation FF
[0000] 3. Calling kt_for - worker_sam
	[0000][ M::mem_process_seqs] Processed 544486 reads in 25.820 CPU sec, 3.303 real sec
[0000] read_chunk: 80000000, work_chunk_size: 80000125, nseq: 544608
	[0000][ M::kt_pipeline] read 544608 sequences (80000125 bp)...
[0000] Calling mem_process_seqs.., task: 23
[0000] 1. Calling kt_for - worker_bwt
[0000] 2. Calling kt_for - worker_aln
[0000] Inferring insert size distribution of PE reads from data, l_pac: 29322347, n: 544608
[0000][PE] # candidate unique pairs for (FF, FR, RF, RR): (11, 262954, 4, 10)
[0000][PE] analyzing insert size distribution for orientation FF...
[0000][PE] (25, 50, 75) percentile: (327, 403, 6287)
[0000][PE] low and high boundaries for computing mean and std.dev: (1, 18207)
[0000][PE] mean and std.dev: (2176.64, 2876.76)
[0000][PE] low and high boundaries for proper pairs: (1, 24167)
[0000][PE] analyzing insert size distribution for orientation FR...
[0000][PE] (25, 50, 75) percentile: (279, 367, 469)
[0000][PE] low and high boundaries for computing mean and std.dev: (1, 849)
[0000][PE] mean and std.dev: (375.79, 152.99)
[0000][PE] low and high boundaries for proper pairs: (1, 1039)
[0000][PE] skip orientation RF as there are not enough pairs
[0000][PE] analyzing insert size distribution for orientation RR...
[0000][PE] (25, 50, 75) percentile: (238, 285, 512)
[0000][PE] low and high boundaries for computing mean and std.dev: (1, 1060)
[0000][PE] mean and std.dev: (295.75, 139.55)
[0000][PE] low and high boundaries for proper pairs: (1, 1334)
[0000][PE] skip orientation FF
[0000][PE] skip orientation RR
[0000] 3. Calling kt_for - worker_sam
	[0000][ M::mem_process_seqs] Processed 544608 reads in 25.635 CPU sec, 3.271 real sec
[0000] read_chunk: 80000000, work_chunk_size: 80000224, nseq: 544766
	[0000][ M::kt_pipeline] read 544766 sequences (80000224 bp)...
[0000] Calling mem_process_seqs.., task: 24
[0000] 1. Calling kt_for - worker_bwt
[0000] 2. Calling kt_for - worker_aln
[0000] Inferring insert size distribution of PE reads from data, l_pac: 29322347, n: 544766
[0000][PE] # candidate unique pairs for (FF, FR, RF, RR): (9, 262837, 3, 8)
[0000][PE] skip orientation FF as there are not enough pairs
[0000][PE] analyzing insert size distribution for orientation FR...
[0000][PE] (25, 50, 75) percentile: (277, 363, 465)
[0000][PE] low and high boundaries for computing mean and std.dev: (1, 841)
[0000][PE] mean and std.dev: (372.38, 151.41)
[0000][PE] low and high boundaries for proper pairs: (1, 1029)
[0000][PE] skip orientation RF as there are not enough pairs
[0000][PE] skip orientation RR as there are not enough pairs
[0000] 3. Calling kt_for - worker_sam
	[0000][ M::mem_process_seqs] Processed 544766 reads in 26.532 CPU sec, 3.405 real sec
[0000] read_chunk: 80000000, work_chunk_size: 80000189, nseq: 544728
	[0000][ M::kt_pipeline] read 544728 sequences (80000189 bp)...
[0000] Calling mem_process_seqs.., task: 25
[0000] 1. Calling kt_for - worker_bwt
[0000] 2. Calling kt_for - worker_aln
[0000] Inferring insert size distribution of PE reads from data, l_pac: 29322347, n: 544728
[0000][PE] # candidate unique pairs for (FF, FR, RF, RR): (17, 263093, 4, 3)
[0000][PE] analyzing insert size distribution for orientation FF...
[0000][PE] (25, 50, 75) percentile: (225, 729, 3057)
[0000][PE] low and high boundaries for computing mean and std.dev: (1, 8721)
[0000][PE] mean and std.dev: (1831.65, 2463.40)
[0000][PE] low and high boundaries for proper pairs: (1, 11685)
[0000][PE] analyzing insert size distribution for orientation FR...
[0000][PE] (25, 50, 75) percentile: (272, 358, 456)
[0000][PE] low and high boundaries for computing mean and std.dev: (1, 824)
[0000][PE] mean and std.dev: (365.75, 147.41)
[0000][PE] low and high boundaries for proper pairs: (1, 1008)
[0000][PE] skip orientation RF as there are not enough pairs
[0000][PE] skip orientation RR as there are not enough pairs
[0000][PE] skip orientation FF
[0000] 3. Calling kt_for - worker_sam
	[0000][ M::mem_process_seqs] Processed 544728 reads in 26.578 CPU sec, 3.399 real sec
[0000] read_chunk: 80000000, work_chunk_size: 80000135, nseq: 544500
	[0000][ M::kt_pipeline] read 544500 sequences (80000135 bp)...
[0000] Calling mem_process_seqs.., task: 26
[0000] 1. Calling kt_for - worker_bwt
[0000] 2. Calling kt_for - worker_aln
[0000] Inferring insert size distribution of PE reads from data, l_pac: 29322347, n: 544500
[0000][PE] # candidate unique pairs for (FF, FR, RF, RR): (11, 262944, 3, 8)
[0000][PE] analyzing insert size distribution for orientation FF...
[0000][PE] (25, 50, 75) percentile: (193, 237, 342)
[0000][PE] low and high boundaries for computing mean and std.dev: (1, 640)
[0000][PE] mean and std.dev: (245.00, 116.28)
[0000][PE] low and high boundaries for proper pairs: (1, 789)
[0000][PE] analyzing insert size distribution for orientation FR...
[0000][PE] (25, 50, 75) percentile: (276, 363, 463)
[0000][PE] low and high boundaries for computing mean and std.dev: (1, 837)
[0000][PE] mean and std.dev: (371.36, 150.38)
[0000][PE] low and high boundaries for proper pairs: (1, 1024)
[0000][PE] skip orientation RF as there are not enough pairs
[0000][PE] skip orientation RR as there are not enough pairs
[0000][PE] skip orientation FF
[0000] 3. Calling kt_for - worker_sam
	[0000][ M::mem_process_seqs] Processed 544500 reads in 26.212 CPU sec, 3.338 real sec
[0000] read_chunk: 80000000, work_chunk_size: 80000010, nseq: 544272
	[0000][ M::kt_pipeline] read 544272 sequences (80000010 bp)...
[0000] Calling mem_process_seqs.., task: 27
[0000] 1. Calling kt_for - worker_bwt
[0000] 2. Calling kt_for - worker_aln
[0000] Inferring insert size distribution of PE reads from data, l_pac: 29322347, n: 544272
[0000][PE] # candidate unique pairs for (FF, FR, RF, RR): (7, 262904, 5, 2)
[0000][PE] skip orientation FF as there are not enough pairs
[0000][PE] analyzing insert size distribution for orientation FR...
[0000][PE] (25, 50, 75) percentile: (278, 365, 467)
[0000][PE] low and high boundaries for computing mean and std.dev: (1, 845)
[0000][PE] mean and std.dev: (374.14, 151.54)
[0000][PE] low and high boundaries for proper pairs: (1, 1034)
[0000][PE] skip orientation RF as there are not enough pairs
[0000][PE] skip orientation RR as there are not enough pairs
[0000] 3. Calling kt_for - worker_sam
	[0000][ M::mem_process_seqs] Processed 544272 reads in 25.813 CPU sec, 3.294 real sec
[0000] read_chunk: 80000000, work_chunk_size: 80000238, nseq: 544050
	[0000][ M::kt_pipeline] read 544050 sequences (80000238 bp)...
[0000] Calling mem_process_seqs.., task: 28
[0000] 1. Calling kt_for - worker_bwt
[0000] 2. Calling kt_for - worker_aln
[0000] Inferring insert size distribution of PE reads from data, l_pac: 29322347, n: 544050
[0000][PE] # candidate unique pairs for (FF, FR, RF, RR): (10, 262565, 4, 5)
[0000][PE] analyzing insert size distribution for orientation FF...
[0000][PE] (25, 50, 75) percentile: (253, 297, 1624)
[0000][PE] low and high boundaries for computing mean and std.dev: (1, 4366)
[0000][PE] mean and std.dev: (606.67, 643.37)
[0000][PE] low and high boundaries for proper pairs: (1, 5737)
[0000][PE] analyzing insert size distribution for orientation FR...
[0000][PE] (25, 50, 75) percentile: (280, 366, 467)
[0000][PE] low and high boundaries for computing mean and std.dev: (1, 841)
[0000][PE] mean and std.dev: (375.17, 151.24)
[0000][PE] low and high boundaries for proper pairs: (1, 1028)
[0000][PE] skip orientation RF as there are not enough pairs
[0000][PE] skip orientation RR as there are not enough pairs
[0000][PE] skip orientation FF
[0000] 3. Calling kt_for - worker_sam
	[0000][ M::mem_process_seqs] Processed 544050 reads in 26.963 CPU sec, 3.447 real sec
[0000] read_chunk: 80000000, work_chunk_size: 80000067, nseq: 544118
	[0000][ M::kt_pipeline] read 544118 sequences (80000067 bp)...
[0000] Calling mem_process_seqs.., task: 29
[0000] 1. Calling kt_for - worker_bwt
[0000] 2. Calling kt_for - worker_aln
[0000] Inferring insert size distribution of PE reads from data, l_pac: 29322347, n: 544118
[0000][PE] # candidate unique pairs for (FF, FR, RF, RR): (7, 262257, 2, 6)
[0000][PE] skip orientation FF as there are not enough pairs
[0000][PE] analyzing insert size distribution for orientation FR...
[0000][PE] (25, 50, 75) percentile: (277, 363, 463)
[0000][PE] low and high boundaries for computing mean and std.dev: (1, 835)
[0000][PE] mean and std.dev: (371.40, 149.41)
[0000][PE] low and high boundaries for proper pairs: (1, 1021)
[0000][PE] skip orientation RF as there are not enough pairs
[0000][PE] skip orientation RR as there are not enough pairs
[0000] 3. Calling kt_for - worker_sam
	[0000][ M::mem_process_seqs] Processed 544118 reads in 28.543 CPU sec, 3.651 real sec
[0000] read_chunk: 80000000, work_chunk_size: 80000124, nseq: 544382
	[0000][ M::kt_pipeline] read 544382 sequences (80000124 bp)...
[0000] Calling mem_process_seqs.., task: 30
[0000] 1. Calling kt_for - worker_bwt
[0000] 2. Calling kt_for - worker_aln
[0000] Inferring insert size distribution of PE reads from data, l_pac: 29322347, n: 544382
[0000][PE] # candidate unique pairs for (FF, FR, RF, RR): (14, 262588, 6, 5)
[0000][PE] analyzing insert size distribution for orientation FF...
[0000][PE] (25, 50, 75) percentile: (142, 188, 197)
[0000][PE] low and high boundaries for computing mean and std.dev: (32, 307)
[0000][PE] mean and std.dev: (148.18, 52.15)
[0000][PE] low and high boundaries for proper pairs: (1, 362)
[0000][PE] analyzing insert size distribution for orientation FR...
[0000][PE] (25, 50, 75) percentile: (271, 356, 452)
[0000][PE] low and high boundaries for computing mean and std.dev: (1, 814)
[0000][PE] mean and std.dev: (363.40, 145.31)
[0000][PE] low and high boundaries for proper pairs: (1, 995)
[0000][PE] skip orientation RF as there are not enough pairs
[0000][PE] skip orientation RR as there are not enough pairs
[0000][PE] skip orientation FF
[0000] 3. Calling kt_for - worker_sam
	[0000][ M::mem_process_seqs] Processed 544382 reads in 27.407 CPU sec, 3.501 real sec
[0000] read_chunk: 80000000, work_chunk_size: 80000185, nseq: 543970
	[0000][ M::kt_pipeline] read 543970 sequences (80000185 bp)...
[0000] Calling mem_process_seqs.., task: 31
[0000] 1. Calling kt_for - worker_bwt
[0000] 2. Calling kt_for - worker_aln
[0000] Inferring insert size distribution of PE reads from data, l_pac: 29322347, n: 543970
[0000][PE] # candidate unique pairs for (FF, FR, RF, RR): (6, 262596, 4, 10)
[0000][PE] skip orientation FF as there are not enough pairs
[0000][PE] analyzing insert size distribution for orientation FR...
[0000][PE] (25, 50, 75) percentile: (277, 363, 461)
[0000][PE] low and high boundaries for computing mean and std.dev: (1, 829)
[0000][PE] mean and std.dev: (370.52, 148.08)
[0000][PE] low and high boundaries for proper pairs: (1, 1013)
[0000][PE] skip orientation RF as there are not enough pairs
[0000][PE] analyzing insert size distribution for orientation RR...
[0000][PE] (25, 50, 75) percentile: (341, 3291, 4415)
[0000][PE] low and high boundaries for computing mean and std.dev: (1, 12563)
[0000][PE] mean and std.dev: (2890.50, 2961.08)
[0000][PE] low and high boundaries for proper pairs: (1, 16637)
[0000][PE] skip orientation RR
[0000] 3. Calling kt_for - worker_sam
	[0000][ M::mem_process_seqs] Processed 543970 reads in 26.704 CPU sec, 3.399 real sec
[0000] read_chunk: 80000000, work_chunk_size: 80000011, nseq: 543802
	[0000][ M::kt_pipeline] read 543802 sequences (80000011 bp)...
[0000] Calling mem_process_seqs.., task: 32
[0000] 1. Calling kt_for - worker_bwt
[0000] 2. Calling kt_for - worker_aln
[0000] Inferring insert size distribution of PE reads from data, l_pac: 29322347, n: 543802
[0000][PE] # candidate unique pairs for (FF, FR, RF, RR): (6, 262474, 6, 5)
[0000][PE] skip orientation FF as there are not enough pairs
[0000][PE] analyzing insert size distribution for orientation FR...
[0000][PE] (25, 50, 75) percentile: (278, 364, 464)
[0000][PE] low and high boundaries for computing mean and std.dev: (1, 836)
[0000][PE] mean and std.dev: (372.57, 149.56)
[0000][PE] low and high boundaries for proper pairs: (1, 1022)
[0000][PE] skip orientation RF as there are not enough pairs
[0000][PE] skip orientation RR as there are not enough pairs
[0000] 3. Calling kt_for - worker_sam
	[0000][ M::mem_process_seqs] Processed 543802 reads in 26.691 CPU sec, 3.392 real sec
[0000] read_chunk: 80000000, work_chunk_size: 80000277, nseq: 543762
	[0000][ M::kt_pipeline] read 543762 sequences (80000277 bp)...
[0000] Calling mem_process_seqs.., task: 33
[0000] 1. Calling kt_for - worker_bwt
[0000] 2. Calling kt_for - worker_aln
[0000] Inferring insert size distribution of PE reads from data, l_pac: 29322347, n: 543762
[0000][PE] # candidate unique pairs for (FF, FR, RF, RR): (11, 262384, 8, 3)
[0000][PE] analyzing insert size distribution for orientation FF...
[0000][PE] (25, 50, 75) percentile: (245, 361, 2985)
[0000][PE] low and high boundaries for computing mean and std.dev: (1, 8465)
[0000][PE] mean and std.dev: (953.00, 1397.57)
[0000][PE] low and high boundaries for proper pairs: (1, 11205)
[0000][PE] analyzing insert size distribution for orientation FR...
[0000][PE] (25, 50, 75) percentile: (279, 365, 467)
[0000][PE] low and high boundaries for computing mean and std.dev: (1, 843)
[0000][PE] mean and std.dev: (374.67, 150.76)
[0000][PE] low and high boundaries for proper pairs: (1, 1031)
[0000][PE] skip orientation RF as there are not enough pairs
[0000][PE] skip orientation RR as there are not enough pairs
[0000][PE] skip orientation FF
[0000] 3. Calling kt_for - worker_sam
	[0000][ M::mem_process_seqs] Processed 543762 reads in 25.777 CPU sec, 3.292 real sec
[0000] read_chunk: 80000000, work_chunk_size: 80000046, nseq: 544248
	[0000][ M::kt_pipeline] read 544248 sequences (80000046 bp)...
[0000] Calling mem_process_seqs.., task: 34
[0000] 1. Calling kt_for - worker_bwt
[0000] 2. Calling kt_for - worker_aln
[0000] Inferring insert size distribution of PE reads from data, l_pac: 29322347, n: 544248
[0000][PE] # candidate unique pairs for (FF, FR, RF, RR): (9, 262527, 5, 10)
[0000][PE] skip orientation FF as there are not enough pairs
[0000][PE] analyzing insert size distribution for orientation FR...
[0000][PE] (25, 50, 75) percentile: (276, 362, 460)
[0000][PE] low and high boundaries for computing mean and std.dev: (1, 828)
[0000][PE] mean and std.dev: (369.57, 148.30)
[0000][PE] low and high boundaries for proper pairs: (1, 1012)
[0000][PE] skip orientation RF as there are not enough pairs
[0000][PE] analyzing insert size distribution for orientation RR...
[0000][PE] (25, 50, 75) percentile: (171, 398, 2038)
[0000][PE] low and high boundaries for computing mean and std.dev: (1, 5772)
[0000][PE] mean and std.dev: (702.33, 883.08)
[0000][PE] low and high boundaries for proper pairs: (1, 7639)
[0000][PE] skip orientation RR
[0000] 3. Calling kt_for - worker_sam
	[0000][ M::mem_process_seqs] Processed 544248 reads in 27.487 CPU sec, 3.506 real sec
[0000] read_chunk: 80000000, work_chunk_size: 80000001, nseq: 544592
	[0000][ M::kt_pipeline] read 544592 sequences (80000001 bp)...
[0000] Calling mem_process_seqs.., task: 35
[0000] 1. Calling kt_for - worker_bwt
[0000] 2. Calling kt_for - worker_aln
[0000] Inferring insert size distribution of PE reads from data, l_pac: 29322347, n: 544592
[0000][PE] # candidate unique pairs for (FF, FR, RF, RR): (8, 262345, 5, 7)
[0000][PE] skip orientation FF as there are not enough pairs
[0000][PE] analyzing insert size distribution for orientation FR...
[0000][PE] (25, 50, 75) percentile: (272, 357, 452)
[0000][PE] low and high boundaries for computing mean and std.dev: (1, 812)
[0000][PE] mean and std.dev: (363.57, 144.99)
[0000][PE] low and high boundaries for proper pairs: (1, 992)
[0000][PE] skip orientation RF as there are not enough pairs
[0000][PE] skip orientation RR as there are not enough pairs
[0000] 3. Calling kt_for - worker_sam
	[0000][ M::mem_process_seqs] Processed 544592 reads in 28.749 CPU sec, 3.631 real sec
[0000] read_chunk: 80000000, work_chunk_size: 80000292, nseq: 543918
	[0000][ M::kt_pipeline] read 543918 sequences (80000292 bp)...
[0000] Calling mem_process_seqs.., task: 36
[0000] 1. Calling kt_for - worker_bwt
[0000] 2. Calling kt_for - worker_aln
[0000] Inferring insert size distribution of PE reads from data, l_pac: 29322347, n: 543918
[0000][PE] # candidate unique pairs for (FF, FR, RF, RR): (8, 262401, 6, 8)
[0000][PE] skip orientation FF as there are not enough pairs
[0000][PE] analyzing insert size distribution for orientation FR...
[0000][PE] (25, 50, 75) percentile: (277, 362, 460)
[0000][PE] low and high boundaries for computing mean and std.dev: (1, 826)
[0000][PE] mean and std.dev: (370.14, 147.75)
[0000][PE] low and high boundaries for proper pairs: (1, 1009)
[0000][PE] skip orientation RF as there are not enough pairs
[0000][PE] skip orientation RR as there are not enough pairs
[0000] 3. Calling kt_for - worker_sam
	[0000][ M::mem_process_seqs] Processed 543918 reads in 27.134 CPU sec, 3.458 real sec
[0000] read_chunk: 80000000, work_chunk_size: 80000107, nseq: 543942
	[0000][ M::kt_pipeline] read 543942 sequences (80000107 bp)...
[0000] Calling mem_process_seqs.., task: 37
[0000] 1. Calling kt_for - worker_bwt
[0000] 2. Calling kt_for - worker_aln
[0000] Inferring insert size distribution of PE reads from data, l_pac: 29322347, n: 543942
[0000][PE] # candidate unique pairs for (FF, FR, RF, RR): (12, 262512, 8, 5)
[0000][PE] analyzing insert size distribution for orientation FF...
[0000][PE] (25, 50, 75) percentile: (269, 327, 508)
[0000][PE] low and high boundaries for computing mean and std.dev: (1, 986)
[0000][PE] mean and std.dev: (289.70, 99.55)
[0000][PE] low and high boundaries for proper pairs: (1, 1225)
[0000][PE] analyzing insert size distribution for orientation FR...
[0000][PE] (25, 50, 75) percentile: (279, 365, 466)
[0000][PE] low and high boundaries for computing mean and std.dev: (1, 840)
[0000][PE] mean and std.dev: (373.99, 150.56)
[0000][PE] low and high boundaries for proper pairs: (1, 1027)
[0000][PE] skip orientation RF as there are not enough pairs
[0000][PE] skip orientation RR as there are not enough pairs
[0000][PE] skip orientation FF
[0000] 3. Calling kt_for - worker_sam
	[0000][ M::mem_process_seqs] Processed 543942 reads in 26.818 CPU sec, 3.415 real sec
[0000] read_chunk: 80000000, work_chunk_size: 80000112, nseq: 543858
	[0000][ M::kt_pipeline] read 543858 sequences (80000112 bp)...
[0000] Calling mem_process_seqs.., task: 38
[0000] 1. Calling kt_for - worker_bwt
[0000] 2. Calling kt_for - worker_aln
[0000] Inferring insert size distribution of PE reads from data, l_pac: 29322347, n: 543858
[0000][PE] # candidate unique pairs for (FF, FR, RF, RR): (16, 262394, 7, 3)
[0000][PE] analyzing insert size distribution for orientation FF...
[0000][PE] (25, 50, 75) percentile: (271, 557, 2249)
[0000][PE] low and high boundaries for computing mean and std.dev: (1, 6205)
[0000][PE] mean and std.dev: (1307.80, 1617.59)
[0000][PE] low and high boundaries for proper pairs: (1, 8183)
[0000][PE] analyzing insert size distribution for orientation FR...
[0000][PE] (25, 50, 75) percentile: (279, 365, 467)
[0000][PE] low and high boundaries for computing mean and std.dev: (1, 843)
[0000][PE] mean and std.dev: (374.54, 150.86)
[0000][PE] low and high boundaries for proper pairs: (1, 1031)
[0000][PE] skip orientation RF as there are not enough pairs
[0000][PE] skip orientation RR as there are not enough pairs
[0000][PE] skip orientation FF
[0000] 3. Calling kt_for - worker_sam
	[0000][ M::mem_process_seqs] Processed 543858 reads in 27.736 CPU sec, 3.536 real sec
[0000] read_chunk: 80000000, work_chunk_size: 59870447, nseq: 407124
	[0000][ M::kt_pipeline] read 407124 sequences (59870447 bp)...
[0000] Calling mem_process_seqs.., task: 39
[0000] 1. Calling kt_for - worker_bwt
[0000] read_chunk: 80000000, work_chunk_size: 0, nseq: 0
[0000] 2. Calling kt_for - worker_aln
[0000] Inferring insert size distribution of PE reads from data, l_pac: 29322347, n: 407124
[0000][PE] # candidate unique pairs for (FF, FR, RF, RR): (10, 196210, 4, 1)
[0000][PE] analyzing insert size distribution for orientation FF...
[0000][PE] (25, 50, 75) percentile: (209, 399, 1624)
[0000][PE] low and high boundaries for computing mean and std.dev: (1, 4454)
[0000][PE] mean and std.dev: (584.00, 570.19)
[0000][PE] low and high boundaries for proper pairs: (1, 5869)
[0000][PE] analyzing insert size distribution for orientation FR...
[0000][PE] (25, 50, 75) percentile: (279, 366, 467)
[0000][PE] low and high boundaries for computing mean and std.dev: (1, 843)
[0000][PE] mean and std.dev: (375.02, 150.94)
[0000][PE] low and high boundaries for proper pairs: (1, 1031)
[0000][PE] skip orientation RF as there are not enough pairs
[0000][PE] skip orientation RR as there are not enough pairs
[0000][PE] skip orientation FF
[0000] 3. Calling kt_for - worker_sam
	[0000][ M::mem_process_seqs] Processed 407124 reads in 21.177 CPU sec, 2.718 real sec
[0000] read_chunk: 80000000, work_chunk_size: 0, nseq: 0
[0000] Computation ends..
No. of OMP threads: 8
Processor is running @2445.544871 MHz
Runtime profile:

	Time taken for main_mem function: 3082.21 sec

	IO times (sec) :
	Reading IO time (reads) avg: 2857.97, (2857.97, 2857.97)
	Writing IO time (SAM) avg: 240.34, (240.34, 240.34)
	Reading IO time (Reference Genome) avg: 0.02, (0.02, 0.02)
	Index read time avg: 0.07, (0.07, 0.07)

	Overall time (sec) (Excluding Index reading time):
	PROCESS() (Total compute time + (read + SAM) IO time) : 3082.10
	MEM_PROCESS_SEQ() (Total compute time (Kernel + SAM)), avg: 137.67, (137.67, 137.67)

	 SAM Processing time (sec):
	--WORKER_SAM avg: 23.91, (23.91, 23.91)

	Kernels' compute time (sec):
	Total kernel (smem+sal+bsw) time avg: 111.93, (111.93, 111.93)
		SMEM compute avg: 78.88, (78.93, 78.81)
		SAL compute avg: 9.04, (9.08, 9.00)
				MEM_SA avg: 6.84, (6.88, 6.82)

		BSW time, avg: 22.68, (22.70, 22.67)

Important parameter settings: 
	BATCH_SIZE: 512
	MAX_SEQ_LEN_REF: 256
	MAX_SEQ_LEN_QER: 128
	MAX_SEQ_LEN8: 128
	SEEDS_PER_READ: 500
	SIMD_WIDTH8 X: 32
	SIMD_WIDTH16 X: 16
	AVG_SEEDS_PER_READ: 64
[bam_sort_core] merging from 1 files and 6 in-memory blocks...
