000 (3834891.003.000) 2025-01-30 15:51:16 Job submitted from host: <128.105.68.113:9618?addrs=128.105.68.113-9618+[2607-f388-2200-100-eaeb-d3ff-fea7-d05e]-9618&alias=ap2002.chtc.wisc.edu&noUDP&sock=schedd_3800031_c57e>
...
040 (3834891.003.000) 2025-01-30 16:08:00 Started transferring input files
	Transferring to host: <128.105.69.214:9618?addrs=128.105.69.214-9618+[2607-f388-2200-100-eaeb-d3ff-fe3f-fbf4]-9618&alias=e2597.chtc.wisc.edu&noUDP&sock=slot1_9_1522408_e8cd_57760>
...
001 (3834891.003.000) 2025-01-30 16:08:00 Job executing on host: <128.105.69.214:9618?addrs=128.105.69.214-9618+[2607-f388-2200-100-eaeb-d3ff-fe3f-fbf4]-9618&alias=e2597.chtc.wisc.edu&noUDP&sock=startd_16545_1283>
	SlotName: slot1_9@e2597.chtc.wisc.edu
	CondorScratchDir = "/var/lib/condor/execute/slot1/dir_1295771"
	Cpus = 8
	Disk = 12584304
	GPUs = 0
	IoHeavy = 0
	Memory = 24576
...
040 (3834891.003.000) 2025-01-30 16:08:00 Finished transferring input files
...
006 (3834891.003.000) 2025-01-30 16:08:13 Image size of job updated: 595976
	583  -  MemoryUsage of job (MB)
	595976  -  ResidentSetSize of job (KB)
...
006 (3834891.003.000) 2025-01-30 16:13:14 Image size of job updated: 6282016
	6135  -  MemoryUsage of job (MB)
	6282016  -  ResidentSetSize of job (KB)
...
006 (3834891.003.000) 2025-01-30 16:18:15 Image size of job updated: 6282044
	6135  -  MemoryUsage of job (MB)
	6282016  -  ResidentSetSize of job (KB)
...
040 (3834891.003.000) 2025-01-30 16:24:56 Started transferring output files
...
040 (3834891.003.000) 2025-01-30 16:24:56 Finished transferring output files
...
005 (3834891.003.000) 2025-01-30 16:24:56 Job terminated.
	(1) Normal termination (return value 0)
		Usr 0 00:19:54, Sys 0 00:01:24  -  Run Remote Usage
		Usr 0 00:00:00, Sys 0 00:00:00  -  Run Local Usage
		Usr 0 00:19:54, Sys 0 00:01:24  -  Total Remote Usage
		Usr 0 00:00:00, Sys 0 00:00:00  -  Total Local Usage
	40813  -  Run Bytes Sent By Job
	3672  -  Run Bytes Received By Job
	40813  -  Total Bytes Sent By Job
	3672  -  Total Bytes Received By Job
	Partitionable Resources :    Usage  Request Allocated 
	   Cpus                 :        0        8         8 
	   Disk (KB)            :   419362 12582912  12584304 
	   GPUs                 :                           0 
	   IoHeavy              :                           0 
	   Memory (MB)          :     6135    24576     24576 
	   TimeExecute (s)      :     1016                    
	   TimeSlotBusy (s)     :     1016                    

	Job terminated of its own accord at 2025-01-30T22:24:56Z with exit-code 0.
...
