000 (3834891.000.000) 2025-01-30 15:51:16 Job submitted from host: <128.105.68.113:9618?addrs=128.105.68.113-9618+[2607-f388-2200-100-eaeb-d3ff-fea7-d05e]-9618&alias=ap2002.chtc.wisc.edu&noUDP&sock=schedd_3800031_c57e>
...
040 (3834891.000.000) 2025-01-30 15:56:55 Started transferring input files
	Transferring to host: <128.105.69.154:9618?addrs=128.105.69.154-9618+[2607-f388-2200-100-1270-fdff-fe56-45a4]-9618&alias=e4087.chtc.wisc.edu&noUDP&sock=slot1_5_1951858_48c5_60887>
...
001 (3834891.000.000) 2025-01-30 15:56:55 Job executing on host: <128.105.69.154:9618?addrs=128.105.69.154-9618+[2607-f388-2200-100-1270-fdff-fe56-45a4]-9618&alias=e4087.chtc.wisc.edu&noUDP&sock=startd_20366_f5e3>
	SlotName: slot1_5@e4087.chtc.wisc.edu
	CondorScratchDir = "/var/lib/condor/execute/slot1/dir_794256"
	Cpus = 8
	Disk = 12584065
	GPUs = 0
	IoHeavy = 0
	Memory = 24576
...
040 (3834891.000.000) 2025-01-30 15:56:55 Finished transferring input files
...
006 (3834891.000.000) 2025-01-30 15:57:08 Image size of job updated: 4324
	5  -  MemoryUsage of job (MB)
	4324  -  ResidentSetSize of job (KB)
...
006 (3834891.000.000) 2025-01-30 16:02:08 Image size of job updated: 2238280
	2186  -  MemoryUsage of job (MB)
	2238280  -  ResidentSetSize of job (KB)
...
006 (3834891.000.000) 2025-01-30 16:07:09 Image size of job updated: 4012012
	3918  -  MemoryUsage of job (MB)
	4012012  -  ResidentSetSize of job (KB)
...
006 (3834891.000.000) 2025-01-30 16:12:09 Image size of job updated: 4757128
	4646  -  MemoryUsage of job (MB)
	4757128  -  ResidentSetSize of job (KB)
...
006 (3834891.000.000) 2025-01-30 16:17:09 Image size of job updated: 5498836
	5370  -  MemoryUsage of job (MB)
	5498836  -  ResidentSetSize of job (KB)
...
006 (3834891.000.000) 2025-01-30 16:22:10 Image size of job updated: 6235268
	5370  -  MemoryUsage of job (MB)
	5498836  -  ResidentSetSize of job (KB)
...
040 (3834891.000.000) 2025-01-30 16:34:26 Started transferring output files
...
040 (3834891.000.000) 2025-01-30 16:34:26 Finished transferring output files
...
005 (3834891.000.000) 2025-01-30 16:34:26 Job terminated.
	(1) Normal termination (return value 0)
		Usr 0 00:17:37, Sys 0 00:00:57  -  Run Remote Usage
		Usr 0 00:00:00, Sys 0 00:00:00  -  Run Local Usage
		Usr 0 00:17:37, Sys 0 00:00:57  -  Total Remote Usage
		Usr 0 00:00:00, Sys 0 00:00:00  -  Total Local Usage
	30691  -  Run Bytes Sent By Job
	3672  -  Run Bytes Received By Job
	30691  -  Total Bytes Sent By Job
	3672  -  Total Bytes Received By Job
	Partitionable Resources :     Usage  Request Allocated 
	   Cpus                 :      0.14        8         8 
	   Disk (KB)            : 418488    12582912  12584065 
	   GPUs                 :                            0 
	   IoHeavy              :                            0 
	   Memory (MB)          :   5370       24576     24576 
	   TimeExecute (s)      :   2251                       
	   TimeSlotBusy (s)     :   2251                       

	Job terminated of its own accord at 2025-01-30T22:34:26Z with exit-code 0.
...
