000 (3846849.001.000) 2025-02-02 07:37:46 Job submitted from host: <128.105.68.113:9618?addrs=128.105.68.113-9618+[2607-f388-2200-100-eaeb-d3ff-fea7-d05e]-9618&alias=ap2002.chtc.wisc.edu&noUDP&sock=schedd_3800031_c57e>
...
040 (3846849.001.000) 2025-02-02 07:37:52 Started transferring input files
	Transferring to host: <128.105.68.88:9618?addrs=128.105.68.88-9618+[2607-f388-2200-100-632-1ff-feee-d45e]-9618&alias=mem4000.chtc.wisc.edu&noUDP&sock=slot1_3_374302_5eae_143515>
...
001 (3846849.001.000) 2025-02-02 07:37:52 Job executing on host: <128.105.68.88:9618?addrs=128.105.68.88-9618+[2607-f388-2200-100-632-1ff-feee-d45e]-9618&alias=mem4000.chtc.wisc.edu&noUDP&sock=startd_19483_4bc3>
	SlotName: slot1_3@mem4000.chtc.wisc.edu
	CondorScratchDir = "/var/lib/condor/execute/slot1/dir_2824148"
	Cpus = 24
	Disk = 8469810
	GPUs = 0
	IoHeavy = 0
	Memory = 245760
...
040 (3846849.001.000) 2025-02-02 07:37:52 Finished transferring input files
...
006 (3846849.001.000) 2025-02-02 07:38:00 Image size of job updated: 1500
	3  -  MemoryUsage of job (MB)
	3484  -  ResidentSetSize of job (KB)
...
004 (3846849.001.000) 2025-02-02 07:38:01 Job was evicted.
	(0) CPU times
		Usr 0 00:00:00, Sys 0 00:00:00  -  Run Remote Usage
		Usr 0 00:00:00, Sys 0 00:00:00  -  Run Local Usage
	0  -  Run Bytes Sent By Job
	421  -  Run Bytes Received By Job
	Partitionable Resources :    Usage  Request Allocated 
	   Cpus                 :        0       24        24 
	   Disk (KB)            :       29  8388608   8469810 
	   GPUs                 :                           0 
	   IoHeavy              :                           0 
	   Memory (MB)          :        3   245760    245760 
	   TimeExecute (s)      :        9                    
	   TimeSlotBusy (s)     :       10                    
...
009 (3846849.001.000) 2025-02-02 07:38:01 Job was aborted.
	via condor_rm (by user gluckthaler)
...
000 (3846850.001.000) 2025-02-02 07:38:10 Job submitted from host: <128.105.68.113:9618?addrs=128.105.68.113-9618+[2607-f388-2200-100-eaeb-d3ff-fea7-d05e]-9618&alias=ap2002.chtc.wisc.edu&noUDP&sock=schedd_3800031_c57e>
...
040 (3846850.001.000) 2025-02-02 07:38:21 Started transferring input files
	Transferring to host: <128.105.68.88:9618?addrs=128.105.68.88-9618+[2607-f388-2200-100-632-1ff-feee-d45e]-9618&alias=mem4000.chtc.wisc.edu&noUDP&sock=slot1_3_374302_5eae_143516>
...
001 (3846850.001.000) 2025-02-02 07:38:21 Job executing on host: <128.105.68.88:9618?addrs=128.105.68.88-9618+[2607-f388-2200-100-632-1ff-feee-d45e]-9618&alias=mem4000.chtc.wisc.edu&noUDP&sock=startd_19483_4bc3>
	SlotName: slot1_3@mem4000.chtc.wisc.edu
	CondorScratchDir = "/var/lib/condor/execute/slot1/dir_2825854"
	Cpus = 24
	Disk = 8469810
	GPUs = 0
	IoHeavy = 0
	Memory = 245760
...
040 (3846850.001.000) 2025-02-02 07:38:21 Finished transferring input files
...
006 (3846850.001.000) 2025-02-02 07:38:30 Image size of job updated: 3254
	3254  -  MemoryUsage of job (MB)
	3332804  -  ResidentSetSize of job (KB)
...
006 (3846850.001.000) 2025-02-02 07:43:31 Image size of job updated: 23027
	23027  -  MemoryUsage of job (MB)
	23579764  -  ResidentSetSize of job (KB)
...
